2025-06-02 20:27:10,578 - mininet - INFO - *** Starting Experiment: topology_basic_lan.BasicLanTopo ***

2025-06-02 20:27:10,590 - mininet - INFO - *** Open vSwitch is running.

2025-06-02 20:27:10,590 - mininet - DEBUG - *** errRun: ['grep', '-c', 'processor', '/proc/cpuinfo'] 

2025-06-02 20:27:10,592 - mininet - DEBUG - 12
  0
2025-06-02 20:27:10,592 - mininet - DEBUG - *** Setting resource limits

2025-06-02 20:27:10,592 - mininet - INFO - *** Building network topology

2025-06-02 20:27:10,592 - mininet - INFO - *** Creating network

2025-06-02 20:27:10,593 - mininet - INFO - *** Adding hosts:

2025-06-02 20:27:10,593 - mininet - DEBUG - *** errRun: ['which', 'mnexec'] 

2025-06-02 20:27:10,594 - mininet - DEBUG - /usr/bin/mnexec
  0
2025-06-02 20:27:10,594 - mininet - DEBUG - *** errRun: ['which', 'ifconfig'] 

2025-06-02 20:27:10,596 - mininet - DEBUG - /usr/sbin/ifconfig
  0
2025-06-02 20:27:10,598 - mininet - DEBUG - _popen ['mnexec', '-cd', 'env', 'PS1=\x7f', 'bash', '--norc', '--noediting', '-is', 'mininet:q1'] 533835
2025-06-02 20:27:10,609 - mininet - INFO - *** [q1] VM not booted. Command 'unset HISTFILE; stty -echo; set +m' IGNORED.

2025-06-02 20:27:10,609 - mininet - INFO - q1 
2025-06-02 20:27:10,611 - mininet - DEBUG - _popen ['mnexec', '-cd', 'env', 'PS1=\x7f', 'bash', '--norc', '--noediting', '-is', 'mininet:q2'] 533836
2025-06-02 20:27:10,623 - mininet - INFO - *** [q2] VM not booted. Command 'unset HISTFILE; stty -echo; set +m' IGNORED.

2025-06-02 20:27:10,623 - mininet - INFO - q2 
2025-06-02 20:27:10,623 - mininet - INFO - 
*** Adding switches:

2025-06-02 20:27:10,623 - mininet - DEBUG - *** errRun: ['which', 'mnexec'] 

2025-06-02 20:27:10,624 - mininet - DEBUG - /usr/bin/mnexec
  0
2025-06-02 20:27:10,624 - mininet - DEBUG - *** errRun: ['which', 'ifconfig'] 

2025-06-02 20:27:10,625 - mininet - DEBUG - /usr/sbin/ifconfig
  0
2025-06-02 20:27:10,625 - mininet - DEBUG - _popen ['mnexec', '-cd', 'env', 'PS1=\x7f', 'bash', '--norc', '--noediting', '-is', 'mininet:s1'] 533839
2025-06-02 20:27:10,637 - mininet - DEBUG - *** s1 : ('unset HISTFILE; stty -echo; set +m',)

2025-06-02 20:27:10,637 - mininet - DEBUG - unset HISTFILE; stty -echo; set +m

2025-06-02 20:27:10,639 - mininet - DEBUG - 
2025-06-02 20:27:10,639 - mininet - DEBUG - 

2025-06-02 20:27:10,639 - mininet - DEBUG - added intf lo (0) to node s1

2025-06-02 20:27:10,639 - mininet - DEBUG - *** s1 : ('ifconfig', 'lo', 'up')

2025-06-02 20:27:10,641 - mininet - DEBUG - 
2025-06-02 20:27:10,641 - mininet - INFO - s1 
2025-06-02 20:27:10,641 - mininet - INFO - 
*** Adding links:

2025-06-02 20:27:10,641 - mininet - INFO - 

2025-06-02 20:27:10,641 - mininet - INFO - *** Configuring hosts

2025-06-02 20:27:10,641 - mininet - INFO - q1 
2025-06-02 20:27:10,641 - mininet - WARNING - *** defaultIntf: warning: q1 has no interfaces

2025-06-02 20:27:10,641 - mininet - INFO - *** [q1] QemuHost: Mininet config() call. MAC=None, IP=None, defaultRoute=None

2025-06-02 20:27:10,641 - mininet - INFO - *** [q1] QemuHost: VM not booted, ignoring 'ifconfig lo up' during Mininet config().

2025-06-02 20:27:10,641 - mininet - INFO - q2 
2025-06-02 20:27:10,641 - mininet - WARNING - *** defaultIntf: warning: q2 has no interfaces

2025-06-02 20:27:10,641 - mininet - INFO - *** [q2] QemuHost: Mininet config() call. MAC=None, IP=None, defaultRoute=None

2025-06-02 20:27:10,641 - mininet - INFO - *** [q2] QemuHost: VM not booted, ignoring 'ifconfig lo up' during Mininet config().

2025-06-02 20:27:10,641 - mininet - INFO - 

2025-06-02 20:27:10,641 - mininet - INFO - *** Starting network (switches, controllers)

2025-06-02 20:27:10,642 - mininet - INFO - *** Starting controller

2025-06-02 20:27:10,642 - mininet - INFO - 

2025-06-02 20:27:10,642 - mininet - INFO - *** Starting 1 switches

2025-06-02 20:27:10,642 - mininet - INFO - s1 
2025-06-02 20:27:10,642 - mininet - INFO - *** [s1] QemuSwitch: Starting OVS bridge s1

2025-06-02 20:27:10,659 - mininet - DEBUG - *** s1 : ('sudo ovs-vsctl --may-exist add-br', 's1')

2025-06-02 20:27:10,696 - mininet - DEBUG - 
2025-06-02 20:27:10,696 - mininet - DEBUG - *** s1 : ('sudo ip link set', 's1', 'up')

2025-06-02 20:27:10,706 - mininet - DEBUG - 
2025-06-02 20:27:10,706 - mininet - INFO - *** [s1] QemuSwitch.start: Skipping 'lo' interface.

2025-06-02 20:27:10,706 - mininet - INFO - *** [s1] QemuSwitch: OVS bridge s1 started and interfaces processed.

2025-06-02 20:27:10,706 - mininet - INFO - 

2025-06-02 20:27:10,706 - mininet - INFO - *** Starting QEMU hosts...

2025-06-02 20:27:10,706 - mininet - INFO - *** Starting QEMU for q1 (TAP on s1)...

2025-06-02 20:27:10,706 - mininet - INFO - *** [q1] Starting QEMU setup...

2025-06-02 20:27:10,706 - mininet - INFO - *** [q1] Creating overlay image /tmp/qemu_basic1_overlay.qcow2 from /home/shogun/Licenta/imagine_qemu/qemu_image.qcow2

2025-06-02 20:27:10,712 - mininet - INFO - *** [q1] Setting up TAP interface tapb1

2025-06-02 20:27:10,838 - mininet - INFO - *** [q1] TAP tapb1 added to OVS bridge s1 imediat după creare.

2025-06-02 20:27:10,838 - mininet - INFO - *** [q1] Starting QEMU: sudo qemu-system-x86_64 -daemonize -m 512 -hda /tmp/qemu_basic1_overlay.qcow2 -netdev user,id=netmgmt,hostfwd=tcp::2211-:22 -device e1000,netdev=netmgmt,mac=52:54:00:12:35:b1 -netdev tap,id=netexp,ifname=tapb1,script=no,downscript=no -device e1000,netdev=netexp,mac=52:54:00:B4:51:10 -pidfile /tmp/q1.pid

2025-06-02 20:27:11,838 - mininet - INFO - *** [q1] Waiting for SSH on 127.0.0.1:2211 (up to 60 seconds)...

2025-06-02 20:27:53,676 - mininet - INFO - *** [q1] SSH connection to 127.0.0.1:2211 successful!

2025-06-02 20:27:53,676 - mininet - INFO - *** Starting QEMU for q2 (TAP on s1)...

2025-06-02 20:27:53,676 - mininet - INFO - *** [q2] Starting QEMU setup...

2025-06-02 20:27:53,676 - mininet - INFO - *** [q2] Creating overlay image /tmp/qemu_basic2_overlay.qcow2 from /home/shogun/Licenta/imagine_qemu/qemu_image.qcow2

2025-06-02 20:27:53,682 - mininet - INFO - *** [q2] Setting up TAP interface tapb2

2025-06-02 20:27:53,820 - mininet - INFO - *** [q2] TAP tapb2 added to OVS bridge s1 imediat după creare.

2025-06-02 20:27:53,820 - mininet - INFO - *** [q2] Starting QEMU: sudo qemu-system-x86_64 -daemonize -m 512 -hda /tmp/qemu_basic2_overlay.qcow2 -netdev user,id=netmgmt,hostfwd=tcp::2212-:22 -device e1000,netdev=netmgmt,mac=52:54:00:12:35:b2 -netdev tap,id=netexp,ifname=tapb2,script=no,downscript=no -device e1000,netdev=netexp,mac=52:54:00:B4:51:11 -pidfile /tmp/q2.pid

2025-06-02 20:27:54,820 - mininet - INFO - *** [q2] Waiting for SSH on 127.0.0.1:2212 (up to 60 seconds)...

2025-06-02 20:28:47,295 - mininet - INFO - *** [q2] SSH connection to 127.0.0.1:2212 successful!

2025-06-02 20:28:47,295 - mininet - INFO - *** Configuring IPs, routes, and firewall in VMs...

2025-06-02 20:28:47,295 - mininet - INFO - --- Configuring q1 ---
2025-06-02 20:28:47,296 - mininet - INFO - *** [q1] Attempting to set IP 10.0.0.10/24 on VM interface ens4

2025-06-02 20:28:47,296 - mininet - INFO - *** [q1] QemuHost.cmd (to VM via SSH): '/sbin/ip link show ens4'

2025-06-02 20:28:57,889 - mininet - INFO - *** [q1] QemuHost.cmd (to VM via SSH): '/sbin/ip addr flush dev ens4'

2025-06-02 20:29:02,154 - mininet - INFO - *** [q1] QemuHost.cmd (to VM via SSH): '/sbin/ip addr add 10.0.0.10/24 dev ens4'

2025-06-02 20:29:06,093 - mininet - INFO - *** [q1] QemuHost.cmd (to VM via SSH): '/sbin/ip link set ens4 up'

2025-06-02 20:29:12,343 - mininet - INFO - *** [q1] QemuHost.cmd (to VM via SSH): '/sbin/ip -4 addr show ens4 | grep 'inet 10.0.0.10/''

2025-06-02 20:29:17,406 - mininet - INFO - *** [q1] IP 10.0.0.10/24 successfully set and verified on ens4.

2025-06-02 20:29:17,406 - mininet - INFO - *** q1 IP set to 10.0.0.10/24, GW to None (if provided)

2025-06-02 20:29:17,406 - mininet - INFO - *** [q1] QemuHost.cmd (to VM via SSH): 'ip link set ens4 up'

2025-06-02 20:29:22,624 - mininet - INFO - *** [q1] QemuHost.cmd (to VM via SSH): 'ethtool -K ens4 gro off gso off tso off ufo off'

2025-06-02 20:29:27,692 - mininet - INFO - *** [q1] Disabled offloading on ens4

2025-06-02 20:29:27,693 - mininet - INFO - *** [q1] QemuHost.cmd (to VM via SSH): 'iptables -F; iptables -P INPUT ACCEPT; iptables -P FORWARD ACCEPT; iptables -P OUTPUT ACCEPT'

2025-06-02 20:29:32,929 - mininet - INFO - *** [q1] Set iptables to ACCEPT on q1

2025-06-02 20:29:32,929 - mininet - INFO - --- Configuring q2 ---
2025-06-02 20:29:32,929 - mininet - INFO - *** [q2] Attempting to set IP 10.0.0.11/24 on VM interface ens4

2025-06-02 20:29:32,929 - mininet - INFO - *** [q2] QemuHost.cmd (to VM via SSH): '/sbin/ip link show ens4'

2025-06-02 20:29:41,573 - mininet - INFO - *** [q2] QemuHost.cmd (to VM via SSH): '/sbin/ip addr flush dev ens4'

2025-06-02 20:29:45,502 - mininet - INFO - *** [q2] QemuHost.cmd (to VM via SSH): '/sbin/ip addr add 10.0.0.11/24 dev ens4'

2025-06-02 20:29:49,235 - mininet - INFO - *** [q2] QemuHost.cmd (to VM via SSH): '/sbin/ip link set ens4 up'

2025-06-02 20:29:52,922 - mininet - INFO - *** [q2] QemuHost.cmd (to VM via SSH): '/sbin/ip -4 addr show ens4 | grep 'inet 10.0.0.11/''

2025-06-02 20:29:56,226 - mininet - INFO - *** [q2] IP 10.0.0.11/24 successfully set and verified on ens4.

2025-06-02 20:29:56,226 - mininet - INFO - *** q2 IP set to 10.0.0.11/24, GW to None (if provided)

2025-06-02 20:29:56,231 - mininet - INFO - *** [q2] QemuHost.cmd (to VM via SSH): 'ip link set ens4 up'

2025-06-02 20:29:59,564 - mininet - INFO - *** [q2] QemuHost.cmd (to VM via SSH): 'ethtool -K ens4 gro off gso off tso off ufo off'

2025-06-02 20:30:02,917 - mininet - INFO - *** [q2] Disabled offloading on ens4

2025-06-02 20:30:02,917 - mininet - INFO - *** [q2] QemuHost.cmd (to VM via SSH): 'iptables -F; iptables -P INPUT ACCEPT; iptables -P FORWARD ACCEPT; iptables -P OUTPUT ACCEPT'

2025-06-02 20:30:06,504 - mininet - INFO - *** [q2] Set iptables to ACCEPT on q2

2025-06-02 20:30:06,504 - mininet - INFO - *** Creating common /etc/hosts file for all nodes

2025-06-02 20:30:06,504 - mininet - INFO - *** Created common hosts file at /tmp/mininet_hosts:
127.0.0.1   localhost
::1     localhost ip6-localhost ip6-loopback
ff02::1 ip6-allnodes
ff02::2 ip6-allrouters

# QEMU VM Data Plane IPs
10.0.0.10	q1
10.0.0.11	q2

# Router Interface IPs

# End of Mininet host entries

2025-06-02 20:30:06,505 - mininet - INFO - *** Updating /etc/hosts in VMs for name resolution

2025-06-02 20:30:06,505 - mininet - INFO - *** [q1] QemuHost.cmd (to VM via SSH): 'touch /etc/hosts && chmod 644 /etc/hosts'

2025-06-02 20:30:13,581 - mininet - INFO - *** [q1] Successfully copied hosts file to VM

2025-06-02 20:30:13,581 - mininet - INFO - *** [q2] QemuHost.cmd (to VM via SSH): 'touch /etc/hosts && chmod 644 /etc/hosts'

2025-06-02 20:30:21,243 - mininet - INFO - *** [q2] Successfully copied hosts file to VM

2025-06-02 20:30:23,243 - mininet - INFO - *** Testing initial connectivity to gateways (if applicable)...

2025-06-02 20:30:23,243 - mininet - INFO - *** Testing q1 <-> q2 (same LAN)

2025-06-02 20:30:23,243 - mininet - INFO - *** [q1] QemuHost.pexec: Running as blocking cmd: 'ping -c 2 -W 2 q2'

2025-06-02 20:30:23,243 - mininet - INFO - *** [q1] QemuHost.cmd: Translated ping 'ping -c 2 -W 2 q2' to 'ping -c 2 -W 2 10.0.0.11'

2025-06-02 20:30:23,243 - mininet - INFO - *** [q1] QemuHost.cmd (to VM via SSH): 'ping -c 2 -W 2 10.0.0.11'

2025-06-02 20:30:28,145 - mininet - INFO - *** q1 ping q2: SUCCESSFUL
PING 10.0.0.11 (10.0.0.11) 56(84) bytes of data.
64 bytes from 10.0.0.11: icmp_seq=1 ttl=64 time=6.04 ms
64 bytes from 10.0.0.11: icmp_seq=2 ttl=64 time=0.749 ms

--- 10.0.0.11 ping statistics ---
2 packets transmitted, 2 received, 0% packet loss, time 1001ms
rtt min/avg/max/mdev = 0.749/3.395/6.042/2.647 ms

2025-06-02 20:30:28,145 - root - INFO - 
=== Latency Tests (ping) ===
2025-06-02 20:30:28,146 - root - INFO - Testing latency: q1 -> q2
2025-06-02 20:30:28,146 - mininet - INFO - *** [q1] QemuHost.pexec: Running as blocking cmd: 'ping -c 5 -W 1 q2'

2025-06-02 20:30:28,146 - mininet - INFO - *** [q1] QemuHost.cmd: Translated ping 'ping -c 5 -W 1 q2' to 'ping -c 5 -W 1 10.0.0.11'

2025-06-02 20:30:28,146 - mininet - INFO - *** [q1] QemuHost.cmd (to VM via SSH): 'ping -c 5 -W 1 10.0.0.11'

2025-06-02 20:30:36,366 - root - INFO -   min/avg/max/mdev: 0.76/1.43/2.82/0.75 ms
2025-06-02 20:30:36,366 - root - INFO - Testing latency: q2 -> q1
2025-06-02 20:30:36,366 - mininet - INFO - *** [q2] QemuHost.pexec: Running as blocking cmd: 'ping -c 5 -W 1 q1'

2025-06-02 20:30:36,366 - mininet - INFO - *** [q2] QemuHost.cmd: Translated ping 'ping -c 5 -W 1 q1' to 'ping -c 5 -W 1 10.0.0.10'

2025-06-02 20:30:36,366 - mininet - INFO - *** [q2] QemuHost.cmd (to VM via SSH): 'ping -c 5 -W 1 10.0.0.10'

2025-06-02 20:30:43,978 - root - INFO -   min/avg/max/mdev: 0.52/0.96/1.96/0.55 ms
2025-06-02 20:30:43,978 - root - INFO - 
=== Throughput Tests (iperf) ===
2025-06-02 20:30:43,978 - root - INFO - Testing throughput: q1 -> q2
2025-06-02 20:30:43,978 - mininet - INFO - *** [q2] QemuHost.cmd (to VM via SSH): 'pkill iperf'

2025-06-02 20:30:47,326 - mininet - INFO - *** [q2] SSH CMD='pkill iperf' FAILED. RC=1, STDOUT='', STDERR=''

2025-06-02 20:30:47,326 - mininet - INFO - *** [q2] QemuHost.cmd (to VM via SSH): 'iperf -s -D'

2025-06-02 20:30:50,693 - mininet - INFO - *** [q2] SSH CMD='iperf -s -D' FAILED. RC=127, STDOUT='', STDERR='bash: iperf: command not found'

2025-06-02 20:30:51,694 - mininet - INFO - *** [q1] QemuHost.pexec: Running as blocking cmd: 'iperf -c q2 -t 5 -J'

2025-06-02 20:30:51,694 - mininet - INFO - *** [q1] QemuHost.cmd (to VM via SSH): 'iperf -c q2 -t 5 -J'

2025-06-02 20:30:54,879 - mininet - INFO - *** [q1] SSH CMD='iperf -c q2 -t 5 -J' FAILED. RC=127, STDOUT='', STDERR='bash: iperf: command not found'

2025-06-02 20:30:54,880 - mininet - INFO - *** [q2] QemuHost.cmd (to VM via SSH): 'pkill iperf'

2025-06-02 20:30:58,261 - mininet - INFO - *** [q2] SSH CMD='pkill iperf' FAILED. RC=1, STDOUT='', STDERR=''

2025-06-02 20:30:58,261 - root - ERROR -   iperf failed (rc=127)
2025-06-02 20:30:58,266 - system - ERROR -   iperf failed (rc=127)
2025-06-02 20:30:58,266 - system - ERROR -   iperf failed (rc=127)
2025-06-02 20:30:58,266 - root - INFO - Testing throughput: q2 -> q1
2025-06-02 20:30:58,266 - mininet - INFO - *** [q1] QemuHost.cmd (to VM via SSH): 'pkill iperf'

2025-06-02 20:31:01,597 - mininet - INFO - *** [q1] SSH CMD='pkill iperf' FAILED. RC=1, STDOUT='', STDERR=''

2025-06-02 20:31:01,598 - mininet - INFO - *** [q1] QemuHost.cmd (to VM via SSH): 'iperf -s -D'

2025-06-02 20:31:04,897 - mininet - INFO - *** [q1] SSH CMD='iperf -s -D' FAILED. RC=127, STDOUT='', STDERR='bash: iperf: command not found'

2025-06-02 20:31:05,898 - mininet - INFO - *** [q2] QemuHost.pexec: Running as blocking cmd: 'iperf -c q1 -t 5 -J'

2025-06-02 20:31:05,898 - mininet - INFO - *** [q2] QemuHost.cmd (to VM via SSH): 'iperf -c q1 -t 5 -J'

2025-06-02 20:31:08,894 - mininet - INFO - *** [q2] SSH CMD='iperf -c q1 -t 5 -J' FAILED. RC=127, STDOUT='', STDERR='bash: iperf: command not found'

2025-06-02 20:31:08,894 - mininet - INFO - *** [q1] QemuHost.cmd (to VM via SSH): 'pkill iperf'

2025-06-02 20:31:12,246 - mininet - INFO - *** [q1] SSH CMD='pkill iperf' FAILED. RC=1, STDOUT='', STDERR=''

2025-06-02 20:31:12,247 - root - ERROR -   iperf failed (rc=127)
2025-06-02 20:31:12,247 - system - ERROR -   iperf failed (rc=127)
2025-06-02 20:31:12,247 - system - ERROR -   iperf failed (rc=127)
2025-06-02 20:31:12,252 - root - INFO - 
Performance test results saved to /home/shogun/Licenta/mininet/examples/qemu_mininet/logs/perf_topology_basic_lan.BasicLanTopo_20250602_203028.json

2025-06-02 20:31:12,252 - mininet - INFO - 
*** Running CLI

2025-06-02 20:31:12,252 - mininet - INFO - *** Starting CLI:

2025-06-02 20:31:12,253 - mininet - DEBUG - *** errRun: ['stty', 'echo', 'sane', 'intr', '^C'] 

2025-06-02 20:31:12,254 - mininet - DEBUG -   0
2025-06-02 20:31:17,552 - mininet - Level 25 - You may also send a command to a node using:
  <node> command {args}
For example:
  mininet> h1 ifconfig

The interpreter automatically substitutes IP addresses
for node names when a node is the first arg, so commands
like
  mininet> h2 ping h3
should work.

Some character-oriented interactive commands require
noecho:
  mininet> noecho h2 vi foo.py
However, starting up an xterm/gterm is generally better:
  mininet> xterm h2


2025-06-02 20:31:40,880 - mininet - INFO - *** [q1] QemuHost.pexec: Running as blocking cmd: 'ping -c2 q2'

2025-06-02 20:31:40,880 - mininet - INFO - *** [q1] QemuHost.cmd: Translated ping 'ping -c2 q2' to 'ping -c2 10.0.0.11'

2025-06-02 20:31:40,880 - mininet - INFO - *** [q1] QemuHost.cmd (to VM via SSH): 'ping -c2 10.0.0.11'

2025-06-02 20:31:51,656 - mininet - Level 25 - *** Iperf: testing TCP bandwidth between q1 and q2 

2025-06-02 20:31:51,656 - mininet - INFO - *** [q2] QemuHost.cmd (to VM via SSH): 'killall -9 iperf'

2025-06-02 20:31:54,665 - mininet - INFO - *** [q2] SSH CMD='killall -9 iperf' FAILED. RC=1, STDOUT='', STDERR='iperf: no process found'

2025-06-02 20:31:54,665 - mininet - INFO - *** [q1] QemuHost.cmd (to VM via SSH): 'which telnet'

2025-06-02 20:31:56,339 - mininet - INFO - *** [q1] QemuHost.cmd (to VM via SSH): 'echo A | telnet -e A 10.0.0.11 5001'

2025-06-02 20:31:58,293 - mininet - INFO - *** [q1] SSH CMD='echo A | telnet -e A 10.0.0.11 5001' FAILED. RC=1, STDOUT='Telnet escape character is 'A'.
Trying 10.0.0.11...', STDERR='telnet: Unable to connect to remote host: Connection refused'

2025-06-02 20:31:58,293 - mininet - DEBUG - waiting for 10.0.0.11 to listen on port 5001 

2025-06-02 20:31:58,293 - mininet - INFO - .
2025-06-02 20:31:58,793 - mininet - INFO - *** [q1] QemuHost.cmd (to VM via SSH): 'echo A | telnet -e A 10.0.0.11 5001'

2025-06-02 20:32:03,667 - mininet - INFO - *** [q1] SSH CMD='echo A | telnet -e A 10.0.0.11 5001' FAILED. RC=1, STDOUT='Telnet escape character is 'A'.
Trying 10.0.0.11...', STDERR='telnet: Unable to connect to remote host: Connection refused'

2025-06-02 20:32:03,668 - mininet - DEBUG - waiting for 10.0.0.11 to listen on port 5001 

2025-06-02 20:32:03,668 - mininet - INFO - .
2025-06-02 20:32:04,168 - mininet - INFO - *** [q1] QemuHost.cmd (to VM via SSH): 'echo A | telnet -e A 10.0.0.11 5001'

2025-06-02 20:32:08,258 - mininet - INFO - *** [q1] SSH CMD='echo A | telnet -e A 10.0.0.11 5001' FAILED. RC=1, STDOUT='Telnet escape character is 'A'.
Trying 10.0.0.11...', STDERR='telnet: Unable to connect to remote host: Connection refused'

2025-06-02 20:32:08,258 - mininet - DEBUG - waiting for 10.0.0.11 to listen on port 5001 

2025-06-02 20:32:08,258 - mininet - INFO - .
2025-06-02 20:32:08,758 - mininet - INFO - *** [q1] QemuHost.cmd (to VM via SSH): 'echo A | telnet -e A 10.0.0.11 5001'

2025-06-02 20:32:10,497 - mininet - Level 25 - 
Interrupt

2025-06-02 20:32:10,497 - mininet - INFO - stopping q2 

2025-06-02 20:32:10,497 - mininet - DEBUG - sendInt: writing chr(3)

2025-06-02 20:32:10,497 - mininet - DEBUG - iperf -p 5001 -s
------------------------------------------------------------
Server listening on TCP port 5001
TCP window size: 85.3 KByte (default)
------------------------------------------------------------
^C
2025-06-02 20:32:10,675 - mininet - DEBUG - 
2025-06-02 20:32:10,675 - mininet - DEBUG - *** errRun: ['stty', 'echo', 'sane', 'intr', '^C'] 

2025-06-02 20:32:10,676 - mininet - DEBUG -   0
2025-06-02 20:35:27,583 - mininet - INFO - *** Stopping network

2025-06-02 20:35:27,583 - mininet - INFO - *** Stopping 0 controllers

2025-06-02 20:35:27,583 - mininet - INFO - 

2025-06-02 20:35:27,583 - mininet - INFO - *** Stopping 0 links

2025-06-02 20:35:27,583 - mininet - INFO - 

2025-06-02 20:35:27,583 - mininet - INFO - *** Stopping 1 switches

2025-06-02 20:35:27,583 - mininet - INFO - s1 
2025-06-02 20:35:27,583 - mininet - INFO - *** [s1] QemuSwitch: Stopping OVS bridge s1

2025-06-02 20:35:27,584 - mininet - DEBUG - *** s1 : ('sudo ovs-vsctl --if-exists del-br', 's1')

2025-06-02 20:35:27,645 - mininet - DEBUG - 
2025-06-02 20:35:27,645 - mininet - DEBUG - waiting for 533839 to terminate

2025-06-02 20:35:27,645 - mininet - INFO - 

2025-06-02 20:35:27,646 - mininet - INFO - *** Stopping 2 hosts

2025-06-02 20:35:27,646 - mininet - INFO - q1 
2025-06-02 20:35:27,646 - mininet - INFO - *** [q1] QemuHost: Terminating...

2025-06-02 20:35:27,646 - mininet - INFO - *** [q1] Stopping QEMU...

2025-06-02 20:35:27,646 - mininet - INFO - *** [q1] Killing QEMU process 533939 from PID file.

2025-06-02 20:35:28,657 - mininet - INFO - *** [q1] Error with PID file /tmp/q1.pid: [Errno 2] No such file or directory: '/tmp/q1.pid'. May be already stopped or PID invalid.

2025-06-02 20:35:28,657 - mininet - INFO - *** [q1] Cleaning up TAP tapb1 from bridge s1

2025-06-02 20:35:28,736 - mininet - INFO - *** [q1] Deleting overlay image /tmp/qemu_basic1_overlay.qcow2

2025-06-02 20:35:28,755 - mininet - DEBUG - waiting for 533835 to terminate

2025-06-02 20:35:28,756 - mininet - INFO - q2 
2025-06-02 20:35:28,756 - mininet - INFO - *** [q2] QemuHost: Terminating...

2025-06-02 20:35:28,756 - mininet - INFO - *** [q2] Stopping QEMU...

2025-06-02 20:35:28,756 - mininet - INFO - *** [q2] Killing QEMU process 534449 from PID file.

2025-06-02 20:35:29,768 - mininet - INFO - *** [q2] Error with PID file /tmp/q2.pid: [Errno 2] No such file or directory: '/tmp/q2.pid'. May be already stopped or PID invalid.

2025-06-02 20:35:29,768 - mininet - INFO - *** [q2] Cleaning up TAP tapb2 from bridge s1

2025-06-02 20:35:29,843 - mininet - INFO - *** [q2] Deleting overlay image /tmp/qemu_basic2_overlay.qcow2

2025-06-02 20:35:29,864 - mininet - DEBUG - waiting for 533836 to terminate

2025-06-02 20:35:29,864 - mininet - INFO - 
*** Done

