2025-06-03 02:20:27,175 - root - INFO - *** Starting Experiment: topology_basic_lan.BasicLanTopo ***

2025-06-03 02:20:27,186 - root - INFO - *** Open vSwitch is running.

2025-06-03 02:20:27,188 - root - INFO - *** Building network topology

2025-06-03 02:20:27,201 - root - INFO - *** [q1] VM not booted. Command 'unset HISTFILE; stty -echo; set +m' IGNORED.

2025-06-03 02:20:27,213 - root - INFO - *** [q2] VM not booted. Command 'unset HISTFILE; stty -echo; set +m' IGNORED.

2025-06-03 02:20:27,228 - mininet - WARNING - *** defaultIntf: warning: q1 has no interfaces

2025-06-03 02:20:27,228 - root - INFO - *** [q1] QemuHost: Mininet config() call. MAC=None, IP=None, defaultRoute=None

2025-06-03 02:20:27,228 - root - INFO - *** [q1] QemuHost: VM not booted, ignoring 'ifconfig lo up' during Mininet config().

2025-06-03 02:20:27,228 - mininet - WARNING - *** defaultIntf: warning: q2 has no interfaces

2025-06-03 02:20:27,228 - root - INFO - *** [q2] QemuHost: Mininet config() call. MAC=None, IP=None, defaultRoute=None

2025-06-03 02:20:27,228 - root - INFO - *** [q2] QemuHost: VM not booted, ignoring 'ifconfig lo up' during Mininet config().

2025-06-03 02:20:27,228 - root - INFO - *** Starting network (switches, controllers)

2025-06-03 02:20:27,228 - root - INFO - *** [s1] QemuSwitch: Starting OVS bridge s1

2025-06-03 02:20:27,274 - root - INFO - *** [s1] QemuSwitch.start: Skipping 'lo' interface.

2025-06-03 02:20:27,274 - root - INFO - *** [s1] QemuSwitch: OVS bridge s1 started and interfaces processed.

2025-06-03 02:20:27,274 - root - INFO - *** Starting QEMU hosts...

2025-06-03 02:20:27,274 - root - INFO - *** Starting QEMU for q1 (TAP on s1)...

2025-06-03 02:20:27,274 - root - INFO - *** [q1] Starting QEMU setup...

2025-06-03 02:20:27,274 - root - INFO - *** [q1] Creating overlay image /tmp/qemu_basic1_overlay.qcow2 from /home/shogun/Licenta/imagine_qemu/qemu_image.qcow2

2025-06-03 02:20:27,279 - root - INFO - *** [q1] Setting up TAP interface tapb1

2025-06-03 02:20:27,397 - root - INFO - *** [q1] TAP tapb1 added to OVS bridge s1 imediat după creare.

2025-06-03 02:20:27,397 - root - INFO - *** [q1] Starting QEMU: sudo qemu-system-x86_64 -daemonize -m 512 -hda /tmp/qemu_basic1_overlay.qcow2 -netdev user,id=netmgmt,hostfwd=tcp::2211-:22 -device e1000,netdev=netmgmt,mac=52:54:00:12:35:b1 -netdev tap,id=netexp,ifname=tapb1,script=no,downscript=no -device e1000,netdev=netexp,mac=52:54:00:B4:51:10 -pidfile /tmp/q1.pid

2025-06-03 02:20:28,397 - root - INFO - *** [q1] Waiting for SSH on 127.0.0.1:2211 (up to 60 seconds)...

2025-06-03 02:21:10,472 - root - INFO - *** [q1] SSH connection to 127.0.0.1:2211 successful!

2025-06-03 02:21:45,532 - root - INFO - *** [q1] Successfully installed iperf

2025-06-03 02:21:45,532 - root - INFO - *** Starting QEMU for q2 (TAP on s1)...

2025-06-03 02:21:45,532 - root - INFO - *** [q2] Starting QEMU setup...

2025-06-03 02:21:45,532 - root - INFO - *** [q2] Creating overlay image /tmp/qemu_basic2_overlay.qcow2 from /home/shogun/Licenta/imagine_qemu/qemu_image.qcow2

2025-06-03 02:21:45,537 - root - INFO - *** [q2] Setting up TAP interface tapb2

2025-06-03 02:21:45,659 - root - INFO - *** [q2] TAP tapb2 added to OVS bridge s1 imediat după creare.

2025-06-03 02:21:45,659 - root - INFO - *** [q2] Starting QEMU: sudo qemu-system-x86_64 -daemonize -m 512 -hda /tmp/qemu_basic2_overlay.qcow2 -netdev user,id=netmgmt,hostfwd=tcp::2212-:22 -device e1000,netdev=netmgmt,mac=52:54:00:12:35:b2 -netdev tap,id=netexp,ifname=tapb2,script=no,downscript=no -device e1000,netdev=netexp,mac=52:54:00:B4:51:11 -pidfile /tmp/q2.pid

2025-06-03 02:21:46,660 - root - INFO - *** [q2] Waiting for SSH on 127.0.0.1:2212 (up to 60 seconds)...

2025-06-03 02:22:30,949 - root - INFO - *** [q2] SSH connection to 127.0.0.1:2212 successful!

2025-06-03 02:22:59,355 - root - INFO - *** [q2] Successfully installed iperf

2025-06-03 02:22:59,355 - root - INFO - *** Configuring IPs, routes, and firewall in VMs...

2025-06-03 02:22:59,356 - root - INFO - --- Configuring q1 ---
2025-06-03 02:22:59,356 - root - INFO - *** [q1] Attempting to set IP 10.0.0.10/24 on VM interface ens4

2025-06-03 02:22:59,356 - root - INFO - *** [q1] QemuHost.cmd (to VM via SSH): '/sbin/ip link show ens4'

2025-06-03 02:23:00,927 - root - INFO - *** [q1] QemuHost.cmd (to VM via SSH): '/sbin/ip addr flush dev ens4'

2025-06-03 02:23:02,526 - root - INFO - *** [q1] QemuHost.cmd (to VM via SSH): '/sbin/ip addr add 10.0.0.10/24 dev ens4'

2025-06-03 02:23:04,173 - root - INFO - *** [q1] QemuHost.cmd (to VM via SSH): '/sbin/ip link set ens4 up'

2025-06-03 02:23:05,801 - root - INFO - *** [q1] QemuHost.cmd (to VM via SSH): '/sbin/ip -4 addr show ens4 | grep 'inet 10.0.0.10/''

2025-06-03 02:23:07,448 - root - INFO - *** [q1] IP 10.0.0.10/24 successfully set and verified on ens4.

2025-06-03 02:23:07,448 - root - INFO - *** q1 IP set to 10.0.0.10/24, GW to None (if provided)

2025-06-03 02:23:07,448 - root - INFO - *** [q1] QemuHost.cmd (to VM via SSH): 'ip link set ens4 up'

2025-06-03 02:23:09,084 - root - INFO - *** [q1] QemuHost.cmd (to VM via SSH): 'ethtool -K ens4 gro off gso off tso off ufo off'

2025-06-03 02:23:10,720 - root - INFO - *** [q1] Disabled offloading on ens4

2025-06-03 02:23:10,720 - root - INFO - *** [q1] QemuHost.cmd (to VM via SSH): 'iptables -F; iptables -P INPUT ACCEPT; iptables -P FORWARD ACCEPT; iptables -P OUTPUT ACCEPT'

2025-06-03 02:23:12,446 - root - INFO - *** [q1] Set iptables to ACCEPT on q1

2025-06-03 02:23:12,446 - root - INFO - --- Configuring q2 ---
2025-06-03 02:23:12,446 - root - INFO - *** [q2] Attempting to set IP 10.0.0.11/24 on VM interface ens4

2025-06-03 02:23:12,446 - root - INFO - *** [q2] QemuHost.cmd (to VM via SSH): '/sbin/ip link show ens4'

2025-06-03 02:23:14,141 - root - INFO - *** [q2] QemuHost.cmd (to VM via SSH): '/sbin/ip addr flush dev ens4'

2025-06-03 02:23:15,807 - root - INFO - *** [q2] QemuHost.cmd (to VM via SSH): '/sbin/ip addr add 10.0.0.11/24 dev ens4'

2025-06-03 02:23:17,480 - root - INFO - *** [q2] QemuHost.cmd (to VM via SSH): '/sbin/ip link set ens4 up'

2025-06-03 02:23:19,142 - root - INFO - *** [q2] QemuHost.cmd (to VM via SSH): '/sbin/ip -4 addr show ens4 | grep 'inet 10.0.0.11/''

2025-06-03 02:23:20,796 - root - INFO - *** [q2] IP 10.0.0.11/24 successfully set and verified on ens4.

2025-06-03 02:23:20,796 - root - INFO - *** q2 IP set to 10.0.0.11/24, GW to None (if provided)

2025-06-03 02:23:20,796 - root - INFO - *** [q2] QemuHost.cmd (to VM via SSH): 'ip link set ens4 up'

2025-06-03 02:23:22,397 - root - INFO - *** [q2] QemuHost.cmd (to VM via SSH): 'ethtool -K ens4 gro off gso off tso off ufo off'

2025-06-03 02:23:24,008 - root - INFO - *** [q2] Disabled offloading on ens4

2025-06-03 02:23:24,008 - root - INFO - *** [q2] QemuHost.cmd (to VM via SSH): 'iptables -F; iptables -P INPUT ACCEPT; iptables -P FORWARD ACCEPT; iptables -P OUTPUT ACCEPT'

2025-06-03 02:23:25,737 - root - INFO - *** [q2] Set iptables to ACCEPT on q2

2025-06-03 02:23:25,737 - root - INFO - *** Creating common /etc/hosts file for all nodes

2025-06-03 02:23:25,743 - root - INFO - *** Created common hosts file at /tmp/mininet_hosts:
127.0.0.1   localhost
::1     localhost ip6-localhost ip6-loopback
ff02::1 ip6-allnodes
ff02::2 ip6-allrouters

# QEMU VM Data Plane IPs
10.0.0.10	q1
10.0.0.11	q2

# Router Interface IPs

# End of Mininet host entries

2025-06-03 02:23:25,743 - root - INFO - *** Updating /etc/hosts in VMs for name resolution

2025-06-03 02:23:25,743 - root - INFO - *** [q1] QemuHost.cmd (to VM via SSH): 'touch /etc/hosts && chmod 644 /etc/hosts'

2025-06-03 02:23:28,777 - root - INFO - *** [q1] Successfully copied hosts file to VM

2025-06-03 02:23:28,777 - root - INFO - *** [q2] QemuHost.cmd (to VM via SSH): 'touch /etc/hosts && chmod 644 /etc/hosts'

2025-06-03 02:23:31,803 - root - INFO - *** [q2] Successfully copied hosts file to VM

2025-06-03 02:23:33,803 - root - INFO - *** Testing initial connectivity to gateways (if applicable)...

2025-06-03 02:23:33,804 - root - INFO - *** Testing q1 <-> q2 (same LAN)

2025-06-03 02:23:33,804 - root - INFO - *** [q1] QemuHost.cmd: Translated ping 'ping -c 2 -W 2 q2' to 'ping -c 2 -W 2 10.0.0.11'

2025-06-03 02:23:33,804 - root - INFO - *** [q1] QemuHost.cmd (to VM via SSH): 'ping -c 2 -W 2 10.0.0.11'

2025-06-03 02:23:36,227 - root - INFO - *** q1 ping q2: SUCCESSFUL
PING 10.0.0.11 (10.0.0.11) 56(84) bytes of data.
64 bytes from 10.0.0.11: icmp_seq=1 ttl=64 time=2.88 ms
64 bytes from 10.0.0.11: icmp_seq=2 ttl=64 time=0.578 ms

--- 10.0.0.11 ping statistics ---
2 packets transmitted, 2 received, 0% packet loss, time 1002ms
rtt min/avg/max/mdev = 0.578/1.730/2.883/1.153 ms

2025-06-03 02:23:36,228 - root - INFO - 
=== Latency Tests (ping) ===
2025-06-03 02:23:36,228 - root - INFO - Testing latency: q1 -> q2
2025-06-03 02:23:36,228 - root - INFO - *** [q1] QemuHost.cmd: Translated ping 'ping -c 5 -W 1 q2' to 'ping -c 5 -W 1 10.0.0.11'

2025-06-03 02:23:36,228 - root - INFO - *** [q1] QemuHost.cmd (to VM via SSH): 'ping -c 5 -W 1 10.0.0.11'

2025-06-03 02:23:41,873 - root - INFO -   min/avg/max/mdev: 0.55/0.68/0.88/0.11 ms
2025-06-03 02:23:41,873 - root - INFO - Testing latency: q2 -> q1
2025-06-03 02:23:41,873 - root - INFO - *** [q2] QemuHost.cmd: Translated ping 'ping -c 5 -W 1 q1' to 'ping -c 5 -W 1 10.0.0.10'

2025-06-03 02:23:41,873 - root - INFO - *** [q2] QemuHost.cmd (to VM via SSH): 'ping -c 5 -W 1 10.0.0.10'

2025-06-03 02:23:47,290 - root - INFO -   min/avg/max/mdev: 0.44/0.77/1.87/0.55 ms
2025-06-03 02:23:47,290 - root - INFO - 
=== Throughput Tests (iperf) ===
2025-06-03 02:23:47,290 - root - INFO - Testing throughput: q1 -> q2
2025-06-03 02:23:47,290 - root - INFO - *** [q1] QemuHost.cmd (to VM via SSH): 'which iperf'

2025-06-03 02:23:51,396 - root - INFO - *** [q2] QemuHost.cmd (to VM via SSH): 'which iperf'

2025-06-03 02:23:52,796 - root - INFO - *** [q2] QemuHost.cmd (to VM via SSH): 'pkill iperf'

2025-06-03 02:23:54,376 - root - INFO - *** [q2] SSH CMD='pkill iperf' FAILED. RC=1, STDOUT='', STDERR=''

2025-06-03 02:23:55,376 - root - INFO - *** [q2] QemuHost.cmd (to VM via SSH): 'iperf -s -D -p 5001'

2025-06-03 02:23:58,754 - root - INFO - *** [q2] QemuHost.cmd (to VM via SSH): 'pgrep iperf'

2025-06-03 02:23:59,751 - root - INFO - *** [q1] QemuHost.cmd (to VM via SSH): 'iperf -c q2 -p 5001 -t 5'

2025-06-03 02:24:08,468 - root - INFO - *** [q2] QemuHost.cmd (to VM via SSH): 'pkill iperf'

2025-06-03 02:24:09,519 - root - INFO -   Throughput: 86.70 Mbits/sec
2025-06-03 02:24:09,520 - root - INFO - Testing throughput: q2 -> q1
2025-06-03 02:24:09,520 - root - INFO - *** [q2] QemuHost.cmd (to VM via SSH): 'which iperf'

2025-06-03 02:24:11,149 - root - INFO - *** [q1] QemuHost.cmd (to VM via SSH): 'which iperf'

2025-06-03 02:24:14,822 - root - INFO - *** [q1] QemuHost.cmd (to VM via SSH): 'pkill iperf'

2025-06-03 02:24:18,622 - root - INFO - *** [q1] SSH CMD='pkill iperf' FAILED. RC=1, STDOUT='', STDERR=''

2025-06-03 02:24:19,622 - root - INFO - *** [q1] QemuHost.cmd (to VM via SSH): 'iperf -s -D -p 5001'

2025-06-03 02:24:25,295 - root - INFO - *** [q1] QemuHost.cmd (to VM via SSH): 'pgrep iperf'

2025-06-03 02:24:28,557 - root - INFO - *** [q2] QemuHost.cmd (to VM via SSH): 'iperf -c q1 -p 5001 -t 5'

2025-06-03 02:24:35,013 - root - INFO - *** [q1] QemuHost.cmd (to VM via SSH): 'pkill iperf'

2025-06-03 02:24:38,326 - root - INFO -   Throughput: 346.00 Mbits/sec
2025-06-03 02:24:38,327 - root - INFO - 
Performance test results saved to /home/shogun/Licenta/mininet/examples/qemu_mininet/logs/perf_topology_basic_lan.BasicLanTopo_20250603_022336.json

2025-06-03 02:24:38,327 - root - INFO - 
*** Running CLI

2025-06-03 02:31:16,761 - root - INFO - *** Stopping network

2025-06-03 02:31:16,761 - root - INFO - *** [s1] QemuSwitch: Stopping OVS bridge s1

2025-06-03 02:31:16,874 - root - INFO - *** [q1] QemuHost: Terminating...

2025-06-03 02:31:16,874 - root - INFO - *** [q1] Stopping QEMU...

2025-06-03 02:31:16,875 - root - INFO - *** [q1] Killing QEMU process 13322 from PID file.

2025-06-03 02:31:17,883 - root - INFO - *** [q1] Error with PID file /tmp/q1.pid: [Errno 2] No such file or directory: '/tmp/q1.pid'. May be already stopped or PID invalid.

2025-06-03 02:31:17,883 - root - INFO - *** [q1] Cleaning up TAP tapb1 from bridge s1

2025-06-03 02:31:17,965 - root - INFO - *** [q1] Deleting overlay image /tmp/qemu_basic1_overlay.qcow2

2025-06-03 02:31:17,975 - root - INFO - *** [q2] QemuHost: Terminating...

2025-06-03 02:31:17,975 - root - INFO - *** [q2] Stopping QEMU...

2025-06-03 02:31:17,975 - root - INFO - *** [q2] Killing QEMU process 13517 from PID file.

2025-06-03 02:31:18,986 - root - INFO - *** [q2] Error with PID file /tmp/q2.pid: [Errno 2] No such file or directory: '/tmp/q2.pid'. May be already stopped or PID invalid.

2025-06-03 02:31:18,986 - root - INFO - *** [q2] Cleaning up TAP tapb2 from bridge s1

2025-06-03 02:31:19,074 - root - INFO - *** [q2] Deleting overlay image /tmp/qemu_basic2_overlay.qcow2

