2025-06-03 01:44:44,544 - root - INFO - *** Starting Experiment: topology_routed_subnets.RoutedSubnetsTopo ***

2025-06-03 01:44:44,561 - root - INFO - *** Open vSwitch is running.

2025-06-03 01:44:44,564 - root - INFO - *** Building network topology

2025-06-03 01:44:44,579 - root - INFO - *** [q1] VM not booted. Command 'unset HISTFILE; stty -echo; set +m' IGNORED.

2025-06-03 01:44:44,591 - root - INFO - *** [q2] VM not booted. Command 'unset HISTFILE; stty -echo; set +m' IGNORED.

2025-06-03 01:44:44,603 - root - INFO - *** [q3] VM not booted. Command 'unset HISTFILE; stty -echo; set +m' IGNORED.

2025-06-03 01:44:44,679 - mininet - WARNING - *** defaultIntf: warning: q1 has no interfaces

2025-06-03 01:44:44,679 - root - INFO - *** [q1] QemuHost: Mininet config() call. MAC=None, IP=None, defaultRoute=None

2025-06-03 01:44:44,679 - root - INFO - *** [q1] QemuHost: VM not booted, ignoring 'ifconfig lo up' during Mininet config().

2025-06-03 01:44:44,679 - mininet - WARNING - *** defaultIntf: warning: q2 has no interfaces

2025-06-03 01:44:44,679 - root - INFO - *** [q2] QemuHost: Mininet config() call. MAC=None, IP=None, defaultRoute=None

2025-06-03 01:44:44,679 - root - INFO - *** [q2] QemuHost: VM not booted, ignoring 'ifconfig lo up' during Mininet config().

2025-06-03 01:44:44,679 - mininet - WARNING - *** defaultIntf: warning: q3 has no interfaces

2025-06-03 01:44:44,679 - root - INFO - *** [q3] QemuHost: Mininet config() call. MAC=None, IP=None, defaultRoute=None

2025-06-03 01:44:44,679 - root - INFO - *** [q3] QemuHost: VM not booted, ignoring 'ifconfig lo up' during Mininet config().

2025-06-03 01:44:44,690 - root - INFO - *** [r0] LinuxRouter.config called. Enabling IP forwarding.

2025-06-03 01:44:44,692 - root - INFO - *** Starting network (switches, controllers)

2025-06-03 01:44:44,693 - root - INFO - *** [s1] QemuSwitch: Starting OVS bridge s1

2025-06-03 01:44:44,733 - root - INFO - *** [s1] QemuSwitch.start: Skipping 'lo' interface.

2025-06-03 01:44:44,733 - root - INFO - *** [s1] QemuSwitch.start: Attaching Mininet interface s1-eth1 to bridge.

2025-06-03 01:44:44,733 - root - INFO - *** [s1] QemuSwitch.attach: Attaching s1-eth1 to s1

2025-06-03 01:44:44,769 - root - INFO - *** [s1] QemuSwitch: OVS bridge s1 started and interfaces processed.

2025-06-03 01:44:44,769 - root - INFO - *** [s2] QemuSwitch: Starting OVS bridge s2

2025-06-03 01:44:44,817 - root - INFO - *** [s2] QemuSwitch.start: Skipping 'lo' interface.

2025-06-03 01:44:44,817 - root - INFO - *** [s2] QemuSwitch.start: Attaching Mininet interface s2-eth1 to bridge.

2025-06-03 01:44:44,818 - root - INFO - *** [s2] QemuSwitch.attach: Attaching s2-eth1 to s2

2025-06-03 01:44:44,855 - root - INFO - *** [s2] QemuSwitch: OVS bridge s2 started and interfaces processed.

2025-06-03 01:44:44,855 - root - INFO - *** Configuring router r0

2025-06-03 01:44:44,855 - root - INFO - *** Starting QEMU hosts...

2025-06-03 01:44:44,856 - root - INFO - *** Starting QEMU for q1 (TAP on s1)...

2025-06-03 01:44:44,856 - root - INFO - *** [q1] Starting QEMU setup...

2025-06-03 01:44:44,856 - root - INFO - *** [q1] Creating overlay image /tmp/qemu_routed1_overlay.qcow2 from /home/shogun/Licenta/imagine_qemu/qemu_image.qcow2

2025-06-03 01:44:44,875 - root - INFO - *** [q1] Setting up TAP interface tapr1

2025-06-03 01:44:45,011 - root - INFO - *** [q1] TAP tapr1 added to OVS bridge s1 imediat după creare.

2025-06-03 01:44:45,011 - root - INFO - *** [q1] Starting QEMU: sudo qemu-system-x86_64 -daemonize -m 512 -hda /tmp/qemu_routed1_overlay.qcow2 -netdev user,id=netmgmt,hostfwd=tcp::2201-:22 -device e1000,netdev=netmgmt,mac=52:54:00:12:35:01 -netdev tap,id=netexp,ifname=tapr1,script=no,downscript=no -device e1000,netdev=netexp,mac=52:54:00:12:34:10 -pidfile /tmp/q1.pid

2025-06-03 01:44:46,012 - root - INFO - *** [q1] Waiting for SSH on 127.0.0.1:2201 (up to 60 seconds)...

2025-06-03 01:45:45,112 - root - INFO - *** [q1] SSH connection to 127.0.0.1:2201 successful!

2025-06-03 01:46:27,194 - root - INFO - *** [q1] Successfully installed iperf

2025-06-03 01:46:27,194 - root - INFO - *** Starting QEMU for q2 (TAP on s1)...

2025-06-03 01:46:27,194 - root - INFO - *** [q2] Starting QEMU setup...

2025-06-03 01:46:27,194 - root - INFO - *** [q2] Creating overlay image /tmp/qemu_routed2_overlay.qcow2 from /home/shogun/Licenta/imagine_qemu/qemu_image.qcow2

2025-06-03 01:46:27,202 - root - INFO - *** [q2] Setting up TAP interface tapr2

2025-06-03 01:46:27,376 - root - INFO - *** [q2] TAP tapr2 added to OVS bridge s1 imediat după creare.

2025-06-03 01:46:27,376 - root - INFO - *** [q2] Starting QEMU: sudo qemu-system-x86_64 -daemonize -m 512 -hda /tmp/qemu_routed2_overlay.qcow2 -netdev user,id=netmgmt,hostfwd=tcp::2202-:22 -device e1000,netdev=netmgmt,mac=52:54:00:12:35:02 -netdev tap,id=netexp,ifname=tapr2,script=no,downscript=no -device e1000,netdev=netexp,mac=52:54:00:12:34:11 -pidfile /tmp/q2.pid

2025-06-03 01:46:28,376 - root - INFO - *** [q2] Waiting for SSH on 127.0.0.1:2202 (up to 60 seconds)...

2025-06-03 01:47:36,927 - root - INFO - *** [q2] SSH connection to 127.0.0.1:2202 successful!

2025-06-03 01:48:22,608 - root - INFO - *** [q2] Successfully installed iperf

2025-06-03 01:48:22,608 - root - INFO - *** Starting QEMU for q3 (TAP on s2)...

2025-06-03 01:48:22,608 - root - INFO - *** [q3] Starting QEMU setup...

2025-06-03 01:48:22,608 - root - INFO - *** [q3] Creating overlay image /tmp/qemu_routed3_overlay.qcow2 from /home/shogun/Licenta/imagine_qemu/qemu_image.qcow2

2025-06-03 01:48:22,618 - root - INFO - *** [q3] Setting up TAP interface tapr3

2025-06-03 01:48:22,782 - root - INFO - *** [q3] TAP tapr3 added to OVS bridge s2 imediat după creare.

2025-06-03 01:48:22,782 - root - INFO - *** [q3] Starting QEMU: sudo qemu-system-x86_64 -daemonize -m 512 -hda /tmp/qemu_routed3_overlay.qcow2 -netdev user,id=netmgmt,hostfwd=tcp::2203-:22 -device e1000,netdev=netmgmt,mac=52:54:00:12:35:03 -netdev tap,id=netexp,ifname=tapr3,script=no,downscript=no -device e1000,netdev=netexp,mac=52:54:00:12:34:12 -pidfile /tmp/q3.pid

2025-06-03 01:48:23,783 - root - INFO - *** [q3] Waiting for SSH on 127.0.0.1:2203 (up to 60 seconds)...

2025-06-03 01:49:35,705 - root - INFO - *** [q3] SSH connection to 127.0.0.1:2203 successful!

2025-06-03 01:50:21,896 - root - INFO - *** [q3] Successfully installed iperf

2025-06-03 01:50:21,896 - root - INFO - *** Configuring IPs, routes, and firewall in VMs...

2025-06-03 01:50:21,896 - root - INFO - --- Configuring q1 ---
2025-06-03 01:50:21,896 - root - INFO - *** [q1] Attempting to set IP 10.0.0.10/24 on VM interface ens4

2025-06-03 01:50:21,896 - root - INFO - *** [q1] QemuHost.cmd (to VM via SSH): '/sbin/ip link show ens4'

2025-06-03 01:50:29,600 - root - INFO - *** [q1] QemuHost.cmd (to VM via SSH): '/sbin/ip addr flush dev ens4'

2025-06-03 01:50:36,416 - root - INFO - *** [q1] QemuHost.cmd (to VM via SSH): '/sbin/ip addr add 10.0.0.10/24 dev ens4'

2025-06-03 01:50:43,056 - root - INFO - *** [q1] QemuHost.cmd (to VM via SSH): '/sbin/ip link set ens4 up'

2025-06-03 01:50:49,841 - root - INFO - *** [q1] QemuHost.cmd (to VM via SSH): '/sbin/ip -4 addr show ens4 | grep 'inet 10.0.0.10/''

2025-06-03 01:50:56,763 - root - INFO - *** [q1] IP 10.0.0.10/24 successfully set and verified on ens4.

2025-06-03 01:50:56,763 - root - INFO - *** [q1] Setting default gateway to 10.0.0.1 on ens4

2025-06-03 01:50:56,764 - root - INFO - *** [q1] QemuHost.cmd (to VM via SSH): '/sbin/ip route del default || true'

2025-06-03 01:51:03,674 - root - INFO - *** [q1] QemuHost.cmd (to VM via SSH): '/sbin/ip route add default via 10.0.0.1 dev ens4'

2025-06-03 01:51:10,408 - root - INFO - *** [q1] Default GW 10.0.0.1 set successfully via ens4.

2025-06-03 01:51:10,408 - root - INFO - *** q1 IP set to 10.0.0.10/24, GW to 10.0.0.1 (if provided)

2025-06-03 01:51:10,408 - root - INFO - *** [q1] QemuHost.cmd (to VM via SSH): 'ip route add 10.0.1.0/24 via 10.0.0.1'

2025-06-03 01:51:17,164 - root - INFO - *** [q1] Added static route: 10.0.1.0/24 via 10.0.0.1

2025-06-03 01:51:17,164 - root - INFO - *** [q1] QemuHost.cmd (to VM via SSH): 'ip link set ens4 up'

2025-06-03 01:51:23,905 - root - INFO - *** [q1] QemuHost.cmd (to VM via SSH): 'ethtool -K ens4 gro off gso off tso off ufo off'

2025-06-03 01:51:30,725 - root - INFO - *** [q1] Disabled offloading on ens4

2025-06-03 01:51:30,725 - root - INFO - *** [q1] QemuHost.cmd (to VM via SSH): 'iptables -F; iptables -P INPUT ACCEPT; iptables -P FORWARD ACCEPT; iptables -P OUTPUT ACCEPT'

2025-06-03 01:51:37,635 - root - INFO - *** [q1] Set iptables to ACCEPT on q1

2025-06-03 01:51:37,635 - root - INFO - --- Configuring q2 ---
2025-06-03 01:51:37,635 - root - INFO - *** [q2] Attempting to set IP 10.0.0.11/24 on VM interface ens4

2025-06-03 01:51:37,635 - root - INFO - *** [q2] QemuHost.cmd (to VM via SSH): '/sbin/ip link show ens4'

2025-06-03 01:51:45,220 - root - INFO - *** [q2] QemuHost.cmd (to VM via SSH): '/sbin/ip addr flush dev ens4'

2025-06-03 01:51:51,983 - root - INFO - *** [q2] QemuHost.cmd (to VM via SSH): '/sbin/ip addr add 10.0.0.11/24 dev ens4'

2025-06-03 01:51:58,833 - root - INFO - *** [q2] QemuHost.cmd (to VM via SSH): '/sbin/ip link set ens4 up'

2025-06-03 01:52:05,507 - root - INFO - *** [q2] QemuHost.cmd (to VM via SSH): '/sbin/ip -4 addr show ens4 | grep 'inet 10.0.0.11/''

2025-06-03 01:52:12,156 - root - INFO - *** [q2] IP 10.0.0.11/24 successfully set and verified on ens4.

2025-06-03 01:52:12,156 - root - INFO - *** [q2] Setting default gateway to 10.0.0.1 on ens4

2025-06-03 01:52:12,157 - root - INFO - *** [q2] QemuHost.cmd (to VM via SSH): '/sbin/ip route del default || true'

2025-06-03 01:52:18,576 - root - INFO - *** [q2] QemuHost.cmd (to VM via SSH): '/sbin/ip route add default via 10.0.0.1 dev ens4'

2025-06-03 01:52:24,976 - root - INFO - *** [q2] Default GW 10.0.0.1 set successfully via ens4.

2025-06-03 01:52:24,976 - root - INFO - *** q2 IP set to 10.0.0.11/24, GW to 10.0.0.1 (if provided)

2025-06-03 01:52:24,977 - root - INFO - *** [q2] QemuHost.cmd (to VM via SSH): 'ip route add 10.0.1.0/24 via 10.0.0.1'

2025-06-03 01:52:31,641 - root - INFO - *** [q2] Added static route: 10.0.1.0/24 via 10.0.0.1

2025-06-03 01:52:31,642 - root - INFO - *** [q2] QemuHost.cmd (to VM via SSH): 'ip link set ens4 up'

2025-06-03 01:52:38,305 - root - INFO - *** [q2] QemuHost.cmd (to VM via SSH): 'ethtool -K ens4 gro off gso off tso off ufo off'

2025-06-03 01:52:45,321 - root - INFO - *** [q2] Disabled offloading on ens4

2025-06-03 01:52:45,321 - root - INFO - *** [q2] QemuHost.cmd (to VM via SSH): 'iptables -F; iptables -P INPUT ACCEPT; iptables -P FORWARD ACCEPT; iptables -P OUTPUT ACCEPT'

2025-06-03 01:52:52,117 - root - INFO - *** [q2] Set iptables to ACCEPT on q2

2025-06-03 01:52:52,117 - root - INFO - --- Configuring q3 ---
2025-06-03 01:52:52,117 - root - INFO - *** [q3] Attempting to set IP 10.0.1.10/24 on VM interface ens4

2025-06-03 01:52:52,117 - root - INFO - *** [q3] QemuHost.cmd (to VM via SSH): '/sbin/ip link show ens4'

2025-06-03 01:52:59,909 - root - INFO - *** [q3] QemuHost.cmd (to VM via SSH): '/sbin/ip addr flush dev ens4'

2025-06-03 01:53:06,686 - root - INFO - *** [q3] QemuHost.cmd (to VM via SSH): '/sbin/ip addr add 10.0.1.10/24 dev ens4'

2025-06-03 01:53:13,366 - root - INFO - *** [q3] QemuHost.cmd (to VM via SSH): '/sbin/ip link set ens4 up'

2025-06-03 01:53:20,024 - root - INFO - *** [q3] QemuHost.cmd (to VM via SSH): '/sbin/ip -4 addr show ens4 | grep 'inet 10.0.1.10/''

2025-06-03 01:53:26,610 - root - INFO - *** [q3] IP 10.0.1.10/24 successfully set and verified on ens4.

2025-06-03 01:53:26,610 - root - INFO - *** [q3] Setting default gateway to 10.0.1.1 on ens4

2025-06-03 01:53:26,611 - root - INFO - *** [q3] QemuHost.cmd (to VM via SSH): '/sbin/ip route del default || true'

2025-06-03 01:53:33,393 - root - INFO - *** [q3] QemuHost.cmd (to VM via SSH): '/sbin/ip route add default via 10.0.1.1 dev ens4'

2025-06-03 01:53:40,210 - root - INFO - *** [q3] Default GW 10.0.1.1 set successfully via ens4.

2025-06-03 01:53:40,210 - root - INFO - *** q3 IP set to 10.0.1.10/24, GW to 10.0.1.1 (if provided)

2025-06-03 01:53:40,210 - root - INFO - *** [q3] QemuHost.cmd (to VM via SSH): 'ip route add 10.0.0.0/24 via 10.0.1.1'

2025-06-03 01:53:46,728 - root - INFO - *** [q3] Added static route: 10.0.0.0/24 via 10.0.1.1

2025-06-03 01:53:46,728 - root - INFO - *** [q3] QemuHost.cmd (to VM via SSH): 'ip link set ens4 up'

2025-06-03 01:53:53,413 - root - INFO - *** [q3] QemuHost.cmd (to VM via SSH): 'ethtool -K ens4 gro off gso off tso off ufo off'

2025-06-03 01:54:00,197 - root - INFO - *** [q3] Disabled offloading on ens4

2025-06-03 01:54:00,197 - root - INFO - *** [q3] QemuHost.cmd (to VM via SSH): 'iptables -F; iptables -P INPUT ACCEPT; iptables -P FORWARD ACCEPT; iptables -P OUTPUT ACCEPT'

2025-06-03 01:54:06,910 - root - INFO - *** [q3] Set iptables to ACCEPT on q3

2025-06-03 01:54:06,910 - root - INFO - *** Creating common /etc/hosts file for all nodes

2025-06-03 01:54:06,910 - root - INFO - *** Created common hosts file at /tmp/mininet_hosts:
127.0.0.1   localhost
::1     localhost ip6-localhost ip6-loopback
ff02::1 ip6-allnodes
ff02::2 ip6-allrouters

# QEMU VM Data Plane IPs
10.0.0.10	q1
10.0.0.11	q2
10.0.1.10	q3

# Router Interface IPs
10.0.0.1	r0
10.0.0.1	r0-eth1
10.0.1.1	r0-eth2

# End of Mininet host entries

2025-06-03 01:54:06,911 - root - INFO - *** Updating /etc/hosts in VMs for name resolution

2025-06-03 01:54:06,911 - root - INFO - *** [q1] QemuHost.cmd (to VM via SSH): 'touch /etc/hosts && chmod 644 /etc/hosts'

2025-06-03 01:54:20,220 - root - INFO - *** [q1] Successfully copied hosts file to VM

2025-06-03 01:54:20,220 - root - INFO - *** [q2] QemuHost.cmd (to VM via SSH): 'touch /etc/hosts && chmod 644 /etc/hosts'

2025-06-03 01:54:33,094 - root - INFO - *** [q2] Successfully copied hosts file to VM

2025-06-03 01:54:33,094 - root - INFO - *** [q3] QemuHost.cmd (to VM via SSH): 'touch /etc/hosts && chmod 644 /etc/hosts'

2025-06-03 01:54:46,484 - root - INFO - *** [q3] Successfully copied hosts file to VM

2025-06-03 01:54:48,485 - root - INFO - *** Testing initial connectivity to gateways (if applicable)...

2025-06-03 01:54:48,485 - root - INFO - *** [q1] QemuHost.cmd (to VM via SSH): 'ping -c 1 -W 2 10.0.0.1'

2025-06-03 01:54:54,655 - root - INFO - *** q1 ping to its gateway (10.0.0.1): SUCCESSFUL
PING 10.0.0.1 (10.0.0.1) 56(84) bytes of data.
64 bytes from 10.0.0.1: icmp_seq=1 ttl=64 time=2.68 ms

--- 10.0.0.1 ping statistics ---
1 packets transmitted, 1 received, 0% packet loss, time 0ms
rtt min/avg/max/mdev = 2.680/2.680/2.680/0.000 ms

2025-06-03 01:54:54,655 - root - INFO - *** [q2] QemuHost.cmd (to VM via SSH): 'ping -c 1 -W 2 10.0.0.1'

2025-06-03 01:55:01,088 - root - INFO - *** q2 ping to its gateway (10.0.0.1): SUCCESSFUL
PING 10.0.0.1 (10.0.0.1) 56(84) bytes of data.
64 bytes from 10.0.0.1: icmp_seq=1 ttl=64 time=1.63 ms

--- 10.0.0.1 ping statistics ---
1 packets transmitted, 1 received, 0% packet loss, time 0ms
rtt min/avg/max/mdev = 1.630/1.630/1.630/0.000 ms

2025-06-03 01:55:01,089 - root - INFO - *** [q3] QemuHost.cmd (to VM via SSH): 'ping -c 1 -W 2 10.0.1.1'

2025-06-03 01:55:07,577 - root - INFO - *** q3 ping to its gateway (10.0.1.1): SUCCESSFUL
PING 10.0.1.1 (10.0.1.1) 56(84) bytes of data.
64 bytes from 10.0.1.1: icmp_seq=1 ttl=64 time=1.91 ms

--- 10.0.1.1 ping statistics ---
1 packets transmitted, 1 received, 0% packet loss, time 0ms
rtt min/avg/max/mdev = 1.919/1.919/1.919/0.000 ms

2025-06-03 01:55:07,577 - root - INFO - *** Testing q1 <-> q3 (routed subnets)

2025-06-03 01:55:07,577 - root - INFO - *** [q1] QemuHost.cmd: Translated ping 'ping -c 2 -W 2 q3' to 'ping -c 2 -W 2 10.0.1.10'

2025-06-03 01:55:07,578 - root - INFO - *** [q1] QemuHost.cmd (to VM via SSH): 'ping -c 2 -W 2 10.0.1.10'

2025-06-03 01:55:15,010 - root - INFO - *** q1 ping q3: SUCCESSFUL
PING 10.0.1.10 (10.0.1.10) 56(84) bytes of data.
64 bytes from 10.0.1.10: icmp_seq=1 ttl=63 time=1.74 ms
64 bytes from 10.0.1.10: icmp_seq=2 ttl=63 time=0.838 ms

--- 10.0.1.10 ping statistics ---
2 packets transmitted, 2 received, 0% packet loss, time 1002ms
rtt min/avg/max/mdev = 0.838/1.290/1.742/0.452 ms

2025-06-03 01:55:15,010 - root - INFO - 
=== Latency Tests (ping) ===
2025-06-03 01:55:15,010 - root - INFO - Testing latency: q1 -> q2
2025-06-03 01:55:15,010 - root - INFO - *** [q1] QemuHost.cmd: Translated ping 'ping -c 5 -W 1 q2' to 'ping -c 5 -W 1 10.0.0.11'

2025-06-03 01:55:15,010 - root - INFO - *** [q1] QemuHost.cmd (to VM via SSH): 'ping -c 5 -W 1 10.0.0.11'

2025-06-03 01:55:25,639 - root - INFO -   min/avg/max/mdev: 0.54/1.26/3.52/1.14 ms
2025-06-03 01:55:25,640 - root - INFO - Testing latency: q1 -> q3
2025-06-03 01:55:25,640 - root - INFO - *** [q1] QemuHost.cmd: Translated ping 'ping -c 5 -W 1 q3' to 'ping -c 5 -W 1 10.0.1.10'

2025-06-03 01:55:25,640 - root - INFO - *** [q1] QemuHost.cmd (to VM via SSH): 'ping -c 5 -W 1 10.0.1.10'

2025-06-03 01:55:36,396 - root - INFO -   min/avg/max/mdev: 0.55/0.98/1.85/0.47 ms
2025-06-03 01:55:36,396 - root - INFO - Testing latency: q2 -> q1
2025-06-03 01:55:36,396 - root - INFO - *** [q2] QemuHost.cmd: Translated ping 'ping -c 5 -W 1 q1' to 'ping -c 5 -W 1 10.0.0.10'

2025-06-03 01:55:36,397 - root - INFO - *** [q2] QemuHost.cmd (to VM via SSH): 'ping -c 5 -W 1 10.0.0.10'

2025-06-03 01:55:46,600 - root - INFO -   min/avg/max/mdev: 0.49/1.26/2.01/0.56 ms
2025-06-03 01:55:46,600 - root - INFO - Testing latency: q2 -> q3
2025-06-03 01:55:46,600 - root - INFO - *** [q2] QemuHost.cmd: Translated ping 'ping -c 5 -W 1 q3' to 'ping -c 5 -W 1 10.0.1.10'

2025-06-03 01:55:46,600 - root - INFO - *** [q2] QemuHost.cmd (to VM via SSH): 'ping -c 5 -W 1 10.0.1.10'

2025-06-03 01:55:57,554 - root - INFO -   min/avg/max/mdev: 0.56/0.79/1.25/0.25 ms
2025-06-03 01:55:57,555 - root - INFO - Testing latency: q3 -> q1
2025-06-03 01:55:57,555 - root - INFO - *** [q3] QemuHost.cmd: Translated ping 'ping -c 5 -W 1 q1' to 'ping -c 5 -W 1 10.0.0.10'

2025-06-03 01:55:57,555 - root - INFO - *** [q3] QemuHost.cmd (to VM via SSH): 'ping -c 5 -W 1 10.0.0.10'

2025-06-03 01:56:08,000 - root - INFO -   min/avg/max/mdev: 0.59/1.03/1.50/0.37 ms
2025-06-03 01:56:08,001 - root - INFO - Testing latency: q3 -> q2
2025-06-03 01:56:08,001 - root - INFO - *** [q3] QemuHost.cmd: Translated ping 'ping -c 5 -W 1 q2' to 'ping -c 5 -W 1 10.0.0.11'

2025-06-03 01:56:08,001 - root - INFO - *** [q3] QemuHost.cmd (to VM via SSH): 'ping -c 5 -W 1 10.0.0.11'

2025-06-03 01:56:18,725 - root - INFO -   min/avg/max/mdev: 0.77/1.24/1.79/0.36 ms
2025-06-03 01:56:18,725 - root - INFO - 
=== Throughput Tests (iperf) ===
2025-06-03 01:56:18,725 - root - INFO - Testing throughput: q1 -> q2
2025-06-03 01:56:18,725 - root - INFO - *** [q2] QemuHost.cmd (to VM via SSH): 'which iperf'

2025-06-03 01:56:25,125 - root - INFO - *** [q2] QemuHost.cmd (to VM via SSH): 'pkill iperf'

2025-06-03 01:56:31,790 - root - INFO - *** [q2] SSH CMD='pkill iperf' FAILED. RC=1, STDOUT='', STDERR=''

2025-06-03 01:56:31,790 - root - INFO - *** [q2] QemuHost.cmd (to VM via SSH): 'iperf -s -D'

2025-06-03 01:56:39,528 - root - INFO - *** [q1] QemuHost.cmd (to VM via SSH): 'iperf -c q2 -t 5 -J'

2025-06-03 01:56:50,880 - root - INFO - *** [q2] QemuHost.cmd (to VM via SSH): 'pkill iperf'

2025-06-03 01:56:56,686 - root - ERROR -   Failed to parse iperf output: Expecting value: line 1 column 1 (char 0)
2025-06-03 01:56:56,686 - system - ERROR -   Failed to parse iperf output: Expecting value: line 1 column 1 (char 0)
2025-06-03 01:56:56,686 - system - ERROR -   Failed to parse iperf output: Expecting value: line 1 column 1 (char 0)
2025-06-03 01:56:56,686 - root - INFO - Testing throughput: q1 -> q3
2025-06-03 01:56:56,686 - root - INFO - *** [q3] QemuHost.cmd (to VM via SSH): 'which iperf'

2025-06-03 01:57:03,272 - root - INFO - *** [q3] QemuHost.cmd (to VM via SSH): 'pkill iperf'

2025-06-03 01:57:09,928 - root - INFO - *** [q3] SSH CMD='pkill iperf' FAILED. RC=1, STDOUT='', STDERR=''

2025-06-03 01:57:09,928 - root - INFO - *** [q3] QemuHost.cmd (to VM via SSH): 'iperf -s -D'

2025-06-03 01:57:17,758 - root - INFO - *** [q1] QemuHost.cmd (to VM via SSH): 'iperf -c q3 -t 5 -J'

2025-06-03 01:57:29,293 - root - INFO - *** [q3] QemuHost.cmd (to VM via SSH): 'pkill iperf'

2025-06-03 01:57:35,037 - root - ERROR -   Failed to parse iperf output: Expecting value: line 1 column 1 (char 0)
2025-06-03 01:57:35,037 - system - ERROR -   Failed to parse iperf output: Expecting value: line 1 column 1 (char 0)
2025-06-03 01:57:35,037 - system - ERROR -   Failed to parse iperf output: Expecting value: line 1 column 1 (char 0)
2025-06-03 01:57:35,038 - root - INFO - Testing throughput: q2 -> q1
2025-06-03 01:57:35,038 - root - INFO - *** [q1] QemuHost.cmd (to VM via SSH): 'which iperf'

2025-06-03 01:57:41,923 - root - INFO - *** [q1] QemuHost.cmd (to VM via SSH): 'pkill iperf'

2025-06-03 01:57:48,930 - root - INFO - *** [q1] SSH CMD='pkill iperf' FAILED. RC=1, STDOUT='', STDERR=''

2025-06-03 01:57:48,930 - root - INFO - *** [q1] QemuHost.cmd (to VM via SSH): 'iperf -s -D'

2025-06-03 01:57:56,948 - root - INFO - *** [q2] QemuHost.cmd (to VM via SSH): 'iperf -c q1 -t 5 -J'

2025-06-03 01:58:08,671 - root - INFO - *** [q1] QemuHost.cmd (to VM via SSH): 'pkill iperf'

2025-06-03 01:58:14,658 - root - ERROR -   Failed to parse iperf output: Expecting value: line 1 column 1 (char 0)
2025-06-03 01:58:14,658 - system - ERROR -   Failed to parse iperf output: Expecting value: line 1 column 1 (char 0)
2025-06-03 01:58:14,658 - system - ERROR -   Failed to parse iperf output: Expecting value: line 1 column 1 (char 0)
2025-06-03 01:58:14,658 - root - INFO - Testing throughput: q2 -> q3
2025-06-03 01:58:14,658 - root - INFO - *** [q3] QemuHost.cmd (to VM via SSH): 'which iperf'

2025-06-03 01:58:21,344 - root - INFO - *** [q3] QemuHost.cmd (to VM via SSH): 'pkill iperf'

2025-06-03 01:58:28,179 - root - INFO - *** [q3] SSH CMD='pkill iperf' FAILED. RC=1, STDOUT='', STDERR=''

2025-06-03 01:58:28,180 - root - INFO - *** [q3] QemuHost.cmd (to VM via SSH): 'iperf -s -D'

2025-06-03 01:58:36,006 - root - INFO - *** [q2] QemuHost.cmd (to VM via SSH): 'iperf -c q3 -t 5 -J'

2025-06-03 01:58:47,142 - root - INFO - *** [q3] QemuHost.cmd (to VM via SSH): 'pkill iperf'

2025-06-03 01:58:52,909 - root - ERROR -   Failed to parse iperf output: Expecting value: line 1 column 1 (char 0)
2025-06-03 01:58:52,910 - system - ERROR -   Failed to parse iperf output: Expecting value: line 1 column 1 (char 0)
2025-06-03 01:58:52,910 - system - ERROR -   Failed to parse iperf output: Expecting value: line 1 column 1 (char 0)
2025-06-03 01:58:52,915 - root - INFO - Testing throughput: q3 -> q1
2025-06-03 01:58:52,915 - root - INFO - *** [q1] QemuHost.cmd (to VM via SSH): 'which iperf'

2025-06-03 01:58:59,346 - root - INFO - *** [q1] QemuHost.cmd (to VM via SSH): 'pkill iperf'

2025-06-03 01:59:06,392 - root - INFO - *** [q1] SSH CMD='pkill iperf' FAILED. RC=1, STDOUT='', STDERR=''

2025-06-03 01:59:06,392 - root - INFO - *** [q1] QemuHost.cmd (to VM via SSH): 'iperf -s -D'

2025-06-03 01:59:13,779 - root - INFO - *** [q3] QemuHost.cmd (to VM via SSH): 'iperf -c q1 -t 5 -J'

2025-06-03 01:59:22,526 - root - INFO - *** [q1] QemuHost.cmd (to VM via SSH): 'pkill iperf'

2025-06-03 01:59:28,123 - root - ERROR -   Failed to parse iperf output: Expecting value: line 1 column 1 (char 0)
2025-06-03 01:59:28,123 - system - ERROR -   Failed to parse iperf output: Expecting value: line 1 column 1 (char 0)
2025-06-03 01:59:28,123 - system - ERROR -   Failed to parse iperf output: Expecting value: line 1 column 1 (char 0)
2025-06-03 01:59:28,123 - root - INFO - Testing throughput: q3 -> q2
2025-06-03 01:59:28,123 - root - INFO - *** [q2] QemuHost.cmd (to VM via SSH): 'which iperf'

2025-06-03 01:59:34,491 - root - INFO - *** [q2] QemuHost.cmd (to VM via SSH): 'pkill iperf'

2025-06-03 01:59:41,246 - root - INFO - *** [q2] SSH CMD='pkill iperf' FAILED. RC=1, STDOUT='', STDERR=''

2025-06-03 01:59:41,247 - root - INFO - *** [q2] QemuHost.cmd (to VM via SSH): 'iperf -s -D'

2025-06-03 01:59:49,074 - root - INFO - *** [q3] QemuHost.cmd (to VM via SSH): 'iperf -c q2 -t 5 -J'

2025-06-03 02:00:00,405 - root - INFO - *** [q2] QemuHost.cmd (to VM via SSH): 'pkill iperf'

2025-06-03 02:00:06,108 - root - ERROR -   Failed to parse iperf output: Expecting value: line 1 column 1 (char 0)
2025-06-03 02:00:06,108 - system - ERROR -   Failed to parse iperf output: Expecting value: line 1 column 1 (char 0)
2025-06-03 02:00:06,108 - system - ERROR -   Failed to parse iperf output: Expecting value: line 1 column 1 (char 0)
2025-06-03 02:00:06,108 - root - INFO - 
Performance test results saved to /home/shogun/Licenta/mininet/examples/qemu_mininet/logs/perf_topology_routed_subnets.RoutedSubnetsTopo_20250603_015515.json

2025-06-03 02:00:06,109 - root - INFO - 
*** Running CLI

2025-06-03 02:00:15,862 - mininet - Level 25 - *** Iperf: testing TCP bandwidth between q1 and r0 

2025-06-03 02:00:15,874 - root - INFO - *** [q1] QemuHost.cmd (to VM via SSH): 'which telnet'

2025-06-03 02:00:23,036 - root - INFO - *** [q1] QemuHost.cmd (to VM via SSH): 'echo A | telnet -e A 10.0.0.1 5001'

2025-06-03 02:00:29,916 - root - INFO - *** [q1] QemuHost.cmd (to VM via SSH): 'iperf -p 5001 -t 5 -c 10.0.0.1 '

2025-06-03 02:04:05,963 - mininet - Level 25 - 
Interrupt

2025-06-03 02:04:11,155 - root - INFO - *** Stopping network

2025-06-03 02:04:11,253 - root - INFO - *** [s1] QemuSwitch: Stopping OVS bridge s1

2025-06-03 02:04:11,311 - root - INFO - *** [s2] QemuSwitch: Stopping OVS bridge s2

2025-06-03 02:04:11,410 - root - INFO - *** [q1] QemuHost: Terminating...

2025-06-03 02:04:11,410 - root - INFO - *** [q1] Stopping QEMU...

2025-06-03 02:04:11,410 - root - INFO - *** [q1] Killing QEMU process 4034 from PID file.

2025-06-03 02:04:12,424 - root - INFO - *** [q1] Error with PID file /tmp/q1.pid: [Errno 2] No such file or directory: '/tmp/q1.pid'. May be already stopped or PID invalid.

2025-06-03 02:04:12,424 - root - INFO - *** [q1] Cleaning up TAP tapr1 from bridge s1

2025-06-03 02:04:12,505 - root - INFO - *** [q1] Deleting overlay image /tmp/qemu_routed1_overlay.qcow2

2025-06-03 02:04:12,516 - root - INFO - *** [q2] QemuHost: Terminating...

2025-06-03 02:04:12,516 - root - INFO - *** [q2] Stopping QEMU...

2025-06-03 02:04:12,516 - root - INFO - *** [q2] Killing QEMU process 4312 from PID file.

2025-06-03 02:04:13,526 - root - INFO - *** [q2] Error with PID file /tmp/q2.pid: [Errno 2] No such file or directory: '/tmp/q2.pid'. May be already stopped or PID invalid.

2025-06-03 02:04:13,526 - root - INFO - *** [q2] Cleaning up TAP tapr2 from bridge s1

2025-06-03 02:04:13,609 - root - INFO - *** [q2] Deleting overlay image /tmp/qemu_routed2_overlay.qcow2

2025-06-03 02:04:13,619 - root - INFO - *** [q3] QemuHost: Terminating...

2025-06-03 02:04:13,619 - root - INFO - *** [q3] Stopping QEMU...

2025-06-03 02:04:13,619 - root - INFO - *** [q3] Killing QEMU process 4588 from PID file.

2025-06-03 02:04:14,630 - root - INFO - *** [q3] Error with PID file /tmp/q3.pid: [Errno 2] No such file or directory: '/tmp/q3.pid'. May be already stopped or PID invalid.

2025-06-03 02:04:14,630 - root - INFO - *** [q3] Cleaning up TAP tapr3 from bridge s2

2025-06-03 02:04:14,725 - root - INFO - *** [q3] Deleting overlay image /tmp/qemu_routed3_overlay.qcow2

