2025-06-03 02:04:29,435 - root - INFO - *** Starting Experiment: topology_basic_lan.BasicLanTopo ***

2025-06-03 02:04:29,447 - root - INFO - *** Open vSwitch is running.

2025-06-03 02:04:29,449 - root - INFO - *** Building network topology

2025-06-03 02:04:29,462 - root - INFO - *** [q1] VM not booted. Command 'unset HISTFILE; stty -echo; set +m' IGNORED.

2025-06-03 02:04:29,474 - root - INFO - *** [q2] VM not booted. Command 'unset HISTFILE; stty -echo; set +m' IGNORED.

2025-06-03 02:04:29,491 - mininet - WARNING - *** defaultIntf: warning: q1 has no interfaces

2025-06-03 02:04:29,492 - root - INFO - *** [q1] QemuHost: Mininet config() call. MAC=None, IP=None, defaultRoute=None

2025-06-03 02:04:29,492 - root - INFO - *** [q1] QemuHost: VM not booted, ignoring 'ifconfig lo up' during Mininet config().

2025-06-03 02:04:29,492 - mininet - WARNING - *** defaultIntf: warning: q2 has no interfaces

2025-06-03 02:04:29,492 - root - INFO - *** [q2] QemuHost: Mininet config() call. MAC=None, IP=None, defaultRoute=None

2025-06-03 02:04:29,492 - root - INFO - *** [q2] QemuHost: VM not booted, ignoring 'ifconfig lo up' during Mininet config().

2025-06-03 02:04:29,492 - root - INFO - *** Starting network (switches, controllers)

2025-06-03 02:04:29,492 - root - INFO - *** [s1] QemuSwitch: Starting OVS bridge s1

2025-06-03 02:04:29,540 - root - INFO - *** [s1] QemuSwitch.start: Skipping 'lo' interface.

2025-06-03 02:04:29,540 - root - INFO - *** [s1] QemuSwitch: OVS bridge s1 started and interfaces processed.

2025-06-03 02:04:29,540 - root - INFO - *** Starting QEMU hosts...

2025-06-03 02:04:29,540 - root - INFO - *** Starting QEMU for q1 (TAP on s1)...

2025-06-03 02:04:29,540 - root - INFO - *** [q1] Starting QEMU setup...

2025-06-03 02:04:29,540 - root - INFO - *** [q1] Creating overlay image /tmp/qemu_basic1_overlay.qcow2 from /home/shogun/Licenta/imagine_qemu/qemu_image.qcow2

2025-06-03 02:04:29,545 - root - INFO - *** [q1] Setting up TAP interface tapb1

2025-06-03 02:04:29,668 - root - INFO - *** [q1] TAP tapb1 added to OVS bridge s1 imediat după creare.

2025-06-03 02:04:29,668 - root - INFO - *** [q1] Starting QEMU: sudo qemu-system-x86_64 -daemonize -m 512 -hda /tmp/qemu_basic1_overlay.qcow2 -netdev user,id=netmgmt,hostfwd=tcp::2211-:22 -device e1000,netdev=netmgmt,mac=52:54:00:12:35:b1 -netdev tap,id=netexp,ifname=tapb1,script=no,downscript=no -device e1000,netdev=netexp,mac=52:54:00:B4:51:10 -pidfile /tmp/q1.pid

2025-06-03 02:04:30,668 - root - INFO - *** [q1] Waiting for SSH on 127.0.0.1:2211 (up to 60 seconds)...

2025-06-03 02:05:12,572 - root - INFO - *** [q1] SSH connection to 127.0.0.1:2211 successful!

2025-06-03 02:05:46,505 - root - INFO - *** [q1] Successfully installed iperf

2025-06-03 02:05:46,505 - root - INFO - *** Starting QEMU for q2 (TAP on s1)...

2025-06-03 02:05:46,510 - root - INFO - *** [q2] Starting QEMU setup...

2025-06-03 02:05:46,510 - root - INFO - *** [q2] Creating overlay image /tmp/qemu_basic2_overlay.qcow2 from /home/shogun/Licenta/imagine_qemu/qemu_image.qcow2

2025-06-03 02:05:46,517 - root - INFO - *** [q2] Setting up TAP interface tapb2

2025-06-03 02:05:46,648 - root - INFO - *** [q2] TAP tapb2 added to OVS bridge s1 imediat după creare.

2025-06-03 02:05:46,648 - root - INFO - *** [q2] Starting QEMU: sudo qemu-system-x86_64 -daemonize -m 512 -hda /tmp/qemu_basic2_overlay.qcow2 -netdev user,id=netmgmt,hostfwd=tcp::2212-:22 -device e1000,netdev=netmgmt,mac=52:54:00:12:35:b2 -netdev tap,id=netexp,ifname=tapb2,script=no,downscript=no -device e1000,netdev=netexp,mac=52:54:00:B4:51:11 -pidfile /tmp/q2.pid

2025-06-03 02:05:47,648 - root - INFO - *** [q2] Waiting for SSH on 127.0.0.1:2212 (up to 60 seconds)...

2025-06-03 02:06:32,064 - root - INFO - *** [q2] SSH connection to 127.0.0.1:2212 successful!

2025-06-03 02:07:00,661 - root - INFO - *** [q2] Successfully installed iperf

2025-06-03 02:07:00,661 - root - INFO - *** Configuring IPs, routes, and firewall in VMs...

2025-06-03 02:07:00,666 - root - INFO - --- Configuring q1 ---
2025-06-03 02:07:00,666 - root - INFO - *** [q1] Attempting to set IP 10.0.0.10/24 on VM interface ens4

2025-06-03 02:07:00,666 - root - INFO - *** [q1] QemuHost.cmd (to VM via SSH): '/sbin/ip link show ens4'

2025-06-03 02:07:02,268 - root - INFO - *** [q1] QemuHost.cmd (to VM via SSH): '/sbin/ip addr flush dev ens4'

2025-06-03 02:07:03,872 - root - INFO - *** [q1] QemuHost.cmd (to VM via SSH): '/sbin/ip addr add 10.0.0.10/24 dev ens4'

2025-06-03 02:07:05,512 - root - INFO - *** [q1] QemuHost.cmd (to VM via SSH): '/sbin/ip link set ens4 up'

2025-06-03 02:07:07,078 - root - INFO - *** [q1] QemuHost.cmd (to VM via SSH): '/sbin/ip -4 addr show ens4 | grep 'inet 10.0.0.10/''

2025-06-03 02:07:08,671 - root - INFO - *** [q1] IP 10.0.0.10/24 successfully set and verified on ens4.

2025-06-03 02:07:08,671 - root - INFO - *** q1 IP set to 10.0.0.10/24, GW to None (if provided)

2025-06-03 02:07:08,671 - root - INFO - *** [q1] QemuHost.cmd (to VM via SSH): 'ip link set ens4 up'

2025-06-03 02:07:10,270 - root - INFO - *** [q1] QemuHost.cmd (to VM via SSH): 'ethtool -K ens4 gro off gso off tso off ufo off'

2025-06-03 02:07:11,879 - root - INFO - *** [q1] Disabled offloading on ens4

2025-06-03 02:07:11,879 - root - INFO - *** [q1] QemuHost.cmd (to VM via SSH): 'iptables -F; iptables -P INPUT ACCEPT; iptables -P FORWARD ACCEPT; iptables -P OUTPUT ACCEPT'

2025-06-03 02:07:13,542 - root - INFO - *** [q1] Set iptables to ACCEPT on q1

2025-06-03 02:07:13,542 - root - INFO - --- Configuring q2 ---
2025-06-03 02:07:13,542 - root - INFO - *** [q2] Attempting to set IP 10.0.0.11/24 on VM interface ens4

2025-06-03 02:07:13,542 - root - INFO - *** [q2] QemuHost.cmd (to VM via SSH): '/sbin/ip link show ens4'

2025-06-03 02:07:15,090 - root - INFO - *** [q2] QemuHost.cmd (to VM via SSH): '/sbin/ip addr flush dev ens4'

2025-06-03 02:07:16,684 - root - INFO - *** [q2] QemuHost.cmd (to VM via SSH): '/sbin/ip addr add 10.0.0.11/24 dev ens4'

2025-06-03 02:07:18,318 - root - INFO - *** [q2] QemuHost.cmd (to VM via SSH): '/sbin/ip link set ens4 up'

2025-06-03 02:07:19,954 - root - INFO - *** [q2] QemuHost.cmd (to VM via SSH): '/sbin/ip -4 addr show ens4 | grep 'inet 10.0.0.11/''

2025-06-03 02:07:21,546 - root - INFO - *** [q2] IP 10.0.0.11/24 successfully set and verified on ens4.

2025-06-03 02:07:21,546 - root - INFO - *** q2 IP set to 10.0.0.11/24, GW to None (if provided)

2025-06-03 02:07:21,546 - root - INFO - *** [q2] QemuHost.cmd (to VM via SSH): 'ip link set ens4 up'

2025-06-03 02:07:23,153 - root - INFO - *** [q2] QemuHost.cmd (to VM via SSH): 'ethtool -K ens4 gro off gso off tso off ufo off'

2025-06-03 02:07:24,733 - root - INFO - *** [q2] Disabled offloading on ens4

2025-06-03 02:07:24,733 - root - INFO - *** [q2] QemuHost.cmd (to VM via SSH): 'iptables -F; iptables -P INPUT ACCEPT; iptables -P FORWARD ACCEPT; iptables -P OUTPUT ACCEPT'

2025-06-03 02:07:26,358 - root - INFO - *** [q2] Set iptables to ACCEPT on q2

2025-06-03 02:07:26,358 - root - INFO - *** Creating common /etc/hosts file for all nodes

2025-06-03 02:07:26,358 - root - INFO - *** Created common hosts file at /tmp/mininet_hosts:
127.0.0.1   localhost
::1     localhost ip6-localhost ip6-loopback
ff02::1 ip6-allnodes
ff02::2 ip6-allrouters

# QEMU VM Data Plane IPs
10.0.0.10	q1
10.0.0.11	q2

# Router Interface IPs

# End of Mininet host entries

2025-06-03 02:07:26,358 - root - INFO - *** Updating /etc/hosts in VMs for name resolution

2025-06-03 02:07:26,358 - root - INFO - *** [q1] QemuHost.cmd (to VM via SSH): 'touch /etc/hosts && chmod 644 /etc/hosts'

2025-06-03 02:07:29,427 - root - INFO - *** [q1] Successfully copied hosts file to VM

2025-06-03 02:07:29,427 - root - INFO - *** [q2] QemuHost.cmd (to VM via SSH): 'touch /etc/hosts && chmod 644 /etc/hosts'

2025-06-03 02:07:32,488 - root - INFO - *** [q2] Successfully copied hosts file to VM

2025-06-03 02:07:34,488 - root - INFO - *** Testing initial connectivity to gateways (if applicable)...

2025-06-03 02:07:34,488 - root - INFO - *** Testing q1 <-> q2 (same LAN)

2025-06-03 02:07:34,494 - root - INFO - *** [q1] QemuHost.cmd: Translated ping 'ping -c 2 -W 2 q2' to 'ping -c 2 -W 2 10.0.0.11'

2025-06-03 02:07:34,494 - root - INFO - *** [q1] QemuHost.cmd (to VM via SSH): 'ping -c 2 -W 2 10.0.0.11'

2025-06-03 02:07:36,943 - root - INFO - *** q1 ping q2: SUCCESSFUL
PING 10.0.0.11 (10.0.0.11) 56(84) bytes of data.
64 bytes from 10.0.0.11: icmp_seq=1 ttl=64 time=3.04 ms
64 bytes from 10.0.0.11: icmp_seq=2 ttl=64 time=0.545 ms

--- 10.0.0.11 ping statistics ---
2 packets transmitted, 2 received, 0% packet loss, time 1001ms
rtt min/avg/max/mdev = 0.545/1.796/3.048/1.252 ms

2025-06-03 02:07:36,943 - root - INFO - 
=== Latency Tests (ping) ===
2025-06-03 02:07:36,943 - root - INFO - Testing latency: q1 -> q2
2025-06-03 02:07:36,943 - root - INFO - *** [q1] QemuHost.cmd: Translated ping 'ping -c 5 -W 1 q2' to 'ping -c 5 -W 1 10.0.0.11'

2025-06-03 02:07:36,943 - root - INFO - *** [q1] QemuHost.cmd (to VM via SSH): 'ping -c 5 -W 1 10.0.0.11'

2025-06-03 02:07:42,567 - root - INFO -   min/avg/max/mdev: 0.47/0.54/0.63/0.08 ms
2025-06-03 02:07:42,567 - root - INFO - Testing latency: q2 -> q1
2025-06-03 02:07:42,567 - root - INFO - *** [q2] QemuHost.cmd: Translated ping 'ping -c 5 -W 1 q1' to 'ping -c 5 -W 1 10.0.0.10'

2025-06-03 02:07:42,567 - root - INFO - *** [q2] QemuHost.cmd (to VM via SSH): 'ping -c 5 -W 1 10.0.0.10'

2025-06-03 02:07:48,016 - root - INFO -   min/avg/max/mdev: 0.60/0.81/1.50/0.35 ms
2025-06-03 02:07:48,016 - root - INFO - 
=== Throughput Tests (iperf) ===
2025-06-03 02:07:48,016 - root - INFO - Testing throughput: q1 -> q2
2025-06-03 02:07:48,016 - root - INFO - *** [q1] QemuHost.cmd (to VM via SSH): 'which iperf'

2025-06-03 02:07:49,445 - root - INFO - *** [q2] QemuHost.cmd (to VM via SSH): 'which iperf'

2025-06-03 02:07:50,846 - root - INFO - *** [q2] QemuHost.cmd (to VM via SSH): 'pkill iperf'

2025-06-03 02:07:52,481 - root - INFO - *** [q2] SSH CMD='pkill iperf' FAILED. RC=1, STDOUT='', STDERR=''

2025-06-03 02:07:53,481 - root - INFO - *** [q2] QemuHost.cmd (to VM via SSH): 'iperf -s -D -p 5001'

2025-06-03 02:07:56,893 - root - INFO - *** [q2] QemuHost.cmd (to VM via SSH): 'pgrep iperf'

2025-06-03 02:07:57,891 - root - INFO - *** [q1] QemuHost.cmd (to VM via SSH): 'iperf -c q2 -p 5001 -t 5 -J'

2025-06-03 02:08:07,058 - root - INFO - *** [q2] QemuHost.cmd (to VM via SSH): 'pkill iperf'

2025-06-03 02:08:08,096 - root - ERROR -   Failed to parse iperf output: Expecting value: line 1 column 1 (char 0)
2025-06-03 02:08:08,096 - system - ERROR -   Failed to parse iperf output: Expecting value: line 1 column 1 (char 0)
2025-06-03 02:08:08,096 - system - ERROR -   Failed to parse iperf output: Expecting value: line 1 column 1 (char 0)
2025-06-03 02:08:08,096 - root - ERROR -   Raw output: ------------------------------------------------------------
Client connecting to q2, TCP port 5001
TCP window size: 85.0 KByte (default)
------------------------------------------------------------
[  3] local 10.0.0.10 port 57236 connected with 10.0.0.11 port 5001
[ ID] Interval       Transfer     Bandwidth
[  3]  0.0- 5.0 sec   185 MBytes   310 Mbits/sec
2025-06-03 02:08:08,096 - system - ERROR -   Raw output: ------------------------------------------------------------
Client connecting to q2, TCP port 5001
TCP window size: 85.0 KByte (default)
------------------------------------------------------------
[  3] local 10.0.0.10 port 57236 connected with 10.0.0.11 port 5001
[ ID] Interval       Transfer     Bandwidth
[  3]  0.0- 5.0 sec   185 MBytes   310 Mbits/sec
2025-06-03 02:08:08,096 - system - ERROR -   Raw output: ------------------------------------------------------------
Client connecting to q2, TCP port 5001
TCP window size: 85.0 KByte (default)
------------------------------------------------------------
[  3] local 10.0.0.10 port 57236 connected with 10.0.0.11 port 5001
[ ID] Interval       Transfer     Bandwidth
[  3]  0.0- 5.0 sec   185 MBytes   310 Mbits/sec
2025-06-03 02:08:08,097 - root - INFO - Testing throughput: q2 -> q1
2025-06-03 02:08:08,097 - root - INFO - *** [q2] QemuHost.cmd (to VM via SSH): 'which iperf'

2025-06-03 02:08:09,702 - root - INFO - *** [q1] QemuHost.cmd (to VM via SSH): 'which iperf'

2025-06-03 02:08:13,489 - root - INFO - *** [q1] QemuHost.cmd (to VM via SSH): 'pkill iperf'

2025-06-03 02:08:17,557 - root - INFO - *** [q1] SSH CMD='pkill iperf' FAILED. RC=1, STDOUT='', STDERR=''

2025-06-03 02:08:18,558 - root - INFO - *** [q1] QemuHost.cmd (to VM via SSH): 'iperf -s -D -p 5001'

2025-06-03 02:08:24,282 - root - INFO - *** [q1] QemuHost.cmd (to VM via SSH): 'pgrep iperf'

2025-06-03 02:08:27,647 - root - INFO - *** [q2] QemuHost.cmd (to VM via SSH): 'iperf -c q1 -p 5001 -t 5 -J'

2025-06-03 02:08:34,100 - root - INFO - *** [q1] QemuHost.cmd (to VM via SSH): 'pkill iperf'

2025-06-03 02:08:37,557 - root - ERROR -   Failed to parse iperf output: Expecting value: line 1 column 1 (char 0)
2025-06-03 02:08:37,557 - system - ERROR -   Failed to parse iperf output: Expecting value: line 1 column 1 (char 0)
2025-06-03 02:08:37,557 - system - ERROR -   Failed to parse iperf output: Expecting value: line 1 column 1 (char 0)
2025-06-03 02:08:37,557 - root - ERROR -   Raw output: ------------------------------------------------------------
Client connecting to q1, TCP port 5001
TCP window size: 85.0 KByte (default)
------------------------------------------------------------
[  3] local 10.0.0.11 port 32892 connected with 10.0.0.10 port 5001
[ ID] Interval       Transfer     Bandwidth
[  3]  0.0- 5.0 sec   163 MBytes   273 Mbits/sec
2025-06-03 02:08:37,557 - system - ERROR -   Raw output: ------------------------------------------------------------
Client connecting to q1, TCP port 5001
TCP window size: 85.0 KByte (default)
------------------------------------------------------------
[  3] local 10.0.0.11 port 32892 connected with 10.0.0.10 port 5001
[ ID] Interval       Transfer     Bandwidth
[  3]  0.0- 5.0 sec   163 MBytes   273 Mbits/sec
2025-06-03 02:08:37,557 - system - ERROR -   Raw output: ------------------------------------------------------------
Client connecting to q1, TCP port 5001
TCP window size: 85.0 KByte (default)
------------------------------------------------------------
[  3] local 10.0.0.11 port 32892 connected with 10.0.0.10 port 5001
[ ID] Interval       Transfer     Bandwidth
[  3]  0.0- 5.0 sec   163 MBytes   273 Mbits/sec
2025-06-03 02:08:37,558 - root - INFO - 
Performance test results saved to /home/shogun/Licenta/mininet/examples/qemu_mininet/logs/perf_topology_basic_lan.BasicLanTopo_20250603_020736.json

2025-06-03 02:08:37,558 - root - INFO - 
*** Running CLI

2025-06-03 02:20:17,874 - root - INFO - *** Stopping network

2025-06-03 02:20:17,874 - root - INFO - *** [s1] QemuSwitch: Stopping OVS bridge s1

2025-06-03 02:20:18,010 - root - INFO - *** [q1] QemuHost: Terminating...

2025-06-03 02:20:18,010 - root - INFO - *** [q1] Stopping QEMU...

2025-06-03 02:20:18,010 - root - INFO - *** [q1] Killing QEMU process 11238 from PID file.

2025-06-03 02:20:19,019 - root - INFO - *** [q1] Error with PID file /tmp/q1.pid: [Errno 2] No such file or directory: '/tmp/q1.pid'. May be already stopped or PID invalid.

2025-06-03 02:20:19,019 - root - INFO - *** [q1] Cleaning up TAP tapb1 from bridge s1

2025-06-03 02:20:19,089 - root - INFO - *** [q1] Deleting overlay image /tmp/qemu_basic1_overlay.qcow2

2025-06-03 02:20:19,100 - root - INFO - *** [q2] QemuHost: Terminating...

2025-06-03 02:20:19,100 - root - INFO - *** [q2] Stopping QEMU...

2025-06-03 02:20:19,100 - root - INFO - *** [q2] Killing QEMU process 11447 from PID file.

2025-06-03 02:20:20,111 - root - INFO - *** [q2] Error with PID file /tmp/q2.pid: [Errno 2] No such file or directory: '/tmp/q2.pid'. May be already stopped or PID invalid.

2025-06-03 02:20:20,111 - root - INFO - *** [q2] Cleaning up TAP tapb2 from bridge s1

2025-06-03 02:20:20,177 - root - INFO - *** [q2] Deleting overlay image /tmp/qemu_basic2_overlay.qcow2

